2026-04-17 18:47:48 | INFO    | ============================================================
2026-04-17 18:47:48 | INFO    | AARAMBH_SYSTEM  —  Live Data Collector
2026-04-17 18:47:48 | INFO    | ============================================================
2026-04-17 18:47:48 | INFO    | Data directory ready → D:\AARAMBH_SYSTEM\data
2026-04-17 18:47:48 | INFO    | 
>>> TEST CYCLE 1/2
2026-04-17 18:47:48 | INFO    | Data directory ready → D:\AARAMBH_SYSTEM\data
2026-04-17 18:47:48 | INFO    | ============================================================
2026-04-17 18:47:48 | INFO    | COLLECTION CYCLE START — 2026-04-17T13:17:48.881834+00:00
2026-04-17 18:47:48 | INFO    | ============================================================
2026-04-17 18:47:48 | INFO    | Fetching CelesTrak GP catalog …
2026-04-17 18:47:51 | ERROR   | CelesTrak returned non-JSON payload.
2026-04-17 18:47:51 | INFO    | Fetching NOAA space-weather data …
2026-04-17 18:47:51 | INFO    |   ✓ Saved D:\AARAMBH_SYSTEM\data\noaa_planetary_k_index_1m_20260417T131748Z.json (39.7 KB)
2026-04-17 18:47:51 | ERROR   | [NOAA/solar_wind_plasma_1day] HTTP 404 on attempt 1/3
2026-04-17 18:48:22 | ERROR   | [NOAA/solar_wind_plasma_1day] HTTP 404 on attempt 2/3
2026-04-17 18:48:53 | ERROR   | [NOAA/solar_wind_plasma_1day] HTTP 404 on attempt 3/3
2026-04-17 18:49:23 | ERROR   | [NOAA/solar_wind_plasma_1day] All 3 attempts failed — skipping.
2026-04-17 18:49:23 | ERROR   | [NOAA/solar_wind_mag_1day] HTTP 404 on attempt 1/3
2026-04-17 18:51:04 | INFO    | ============================================================
2026-04-17 18:51:04 | INFO    | AARAMBH_SYSTEM  —  Live Data Collector
2026-04-17 18:51:04 | INFO    | ============================================================
2026-04-17 18:51:04 | INFO    | Data directory ready → D:\AARAMBH_SYSTEM\data
2026-04-17 18:51:04 | INFO    | 
>>> TEST CYCLE 1/2
2026-04-17 18:51:04 | INFO    | Data directory ready → D:\AARAMBH_SYSTEM\data
2026-04-17 18:51:04 | INFO    | ============================================================
2026-04-17 18:51:04 | INFO    | COLLECTION CYCLE START — 2026-04-17T13:21:04.251777+00:00
2026-04-17 18:51:04 | INFO    | ============================================================
2026-04-17 18:51:04 | INFO    | Fetching CelesTrak GP catalog …
2026-04-17 18:51:06 | INFO    |   ✓ Saved D:\AARAMBH_SYSTEM\data\satellites_live_20260417T132104Z.json (202.7 KB)
2026-04-17 18:51:06 | INFO    |   → 376 satellites ingested.
2026-04-17 18:51:06 | INFO    | Fetching NOAA space-weather data …
2026-04-17 18:51:06 | INFO    |   ✓ Saved D:\AARAMBH_SYSTEM\data\noaa_planetary_k_index_1m_20260417T132104Z.json (39.7 KB)
2026-04-17 18:51:08 | INFO    |   ✓ Saved D:\AARAMBH_SYSTEM\data\noaa_solar_wind_plasma_1day_20260417T132104Z.json (112.4 KB)
2026-04-17 18:51:09 | INFO    |   ✓ Saved D:\AARAMBH_SYSTEM\data\noaa_solar_wind_mag_1day_20260417T132104Z.json (171.0 KB)
2026-04-17 18:51:12 | INFO    |   ✓ Saved D:\AARAMBH_SYSTEM\data\noaa_enlil_time_series_20260417T132104Z.json (1266.7 KB)
2026-04-17 18:51:12 | INFO    | ------------------------------------------------------------
2026-04-17 18:51:12 | INFO    | CYCLE DONE — 5/5 sources OK (7.8s elapsed)
2026-04-17 18:51:12 | INFO    | ------------------------------------------------------------
2026-04-17 18:51:12 | INFO    | Waiting 5 seconds before next test cycle …
2026-04-17 18:51:17 | INFO    | 
>>> TEST CYCLE 2/2
2026-04-17 18:51:17 | INFO    | Data directory ready → D:\AARAMBH_SYSTEM\data
2026-04-17 18:51:17 | INFO    | ============================================================
2026-04-17 18:51:17 | INFO    | COLLECTION CYCLE START — 2026-04-17T13:21:17.024108+00:00
2026-04-17 18:51:17 | INFO    | ============================================================
2026-04-17 18:51:17 | INFO    | Fetching CelesTrak GP catalog …
2026-04-17 18:51:19 | INFO    |   ✓ Saved D:\AARAMBH_SYSTEM\data\satellites_live_20260417T132117Z.json (202.7 KB)
2026-04-17 18:51:19 | INFO    |   → 376 satellites ingested.
2026-04-17 18:51:19 | INFO    | Fetching NOAA space-weather data …
2026-04-17 18:51:19 | INFO    |   ✓ Saved D:\AARAMBH_SYSTEM\data\noaa_planetary_k_index_1m_20260417T132117Z.json (39.7 KB)
2026-04-17 18:51:19 | INFO    |   ✓ Saved D:\AARAMBH_SYSTEM\data\noaa_solar_wind_plasma_1day_20260417T132117Z.json (112.4 KB)
2026-04-17 18:51:19 | INFO    |   ✓ Saved D:\AARAMBH_SYSTEM\data\noaa_solar_wind_mag_1day_20260417T132117Z.json (171.0 KB)
2026-04-17 18:51:19 | INFO    |   ✓ Saved D:\AARAMBH_SYSTEM\data\noaa_enlil_time_series_20260417T132117Z.json (1266.7 KB)
2026-04-17 18:51:19 | INFO    | ------------------------------------------------------------
2026-04-17 18:51:19 | INFO    | CYCLE DONE — 5/5 sources OK (2.9s elapsed)
2026-04-17 18:51:19 | INFO    | ------------------------------------------------------------
2026-04-17 18:51:19 | INFO    | ============================================================
2026-04-17 18:51:19 | INFO    | DATA VERIFICATION
2026-04-17 18:51:19 | INFO    | ============================================================
2026-04-17 18:51:19 | INFO    | ✓ Satellite file : satellites_live_20260417T132117Z.json
2026-04-17 18:51:19 | INFO    |   Satellites      : 376
2026-04-17 18:51:19 | INFO    | ✓ Kp index file   : noaa_planetary_k_index_1m_20260417T132117Z.json
2026-04-17 18:51:19 | INFO    |   Latest Kp       : 0
2026-04-17 18:51:19 | INFO    |   Kp time_tag     : 2026-04-17T13:18:00
2026-04-17 18:51:19 | INFO    | ✓ Plasma file     : noaa_solar_wind_plasma_1day_20260417T132117Z.json
2026-04-17 18:51:19 | INFO    |   Solar wind speed: 321.0 km/s
2026-04-17 18:51:19 | INFO    | Merging latest live data …
2026-04-17 18:51:19 | INFO    |   Loaded 376 satellites from satellites_live_20260417T132117Z.json
2026-04-17 18:51:19 | INFO    |   Kp index → 0
2026-04-17 18:51:19 | INFO    |   Solar wind speed → 321.0 km/s
2026-04-17 18:51:19 | INFO    |   IMF Bz → -0.41 nT
2026-04-17 18:51:19 | INFO    |   Merged DataFrame shape: (376, 28)
2026-04-17 18:51:19 | INFO    | 
  Sample DataFrame (head):
2026-04-17 18:51:19 | INFO    | ------------------------------------------------------------
2026-04-17 18:51:19 | INFO    | VERIFICATION PASSED ✓
2026-04-17 18:51:19 | INFO    | ------------------------------------------------------------
2026-04-17 18:51:19 | INFO    | 
Test cycles complete. Starting continuous 10-min scheduler …
2026-04-17 18:51:19 | INFO    | Press Ctrl+C at any time to exit.

2026-04-17 18:51:19 | INFO    | Scheduler armed — collecting every 10 minutes. Press Ctrl+C to stop.
2026-04-17 18:51:33 | INFO    | Scheduler stopped by user (Ctrl+C).
2026-04-18 11:51:02 | INFO    | ================================================================================
2026-04-18 11:51:02 | INFO    | 🚀 PROJECT SUDARSHAN FULL PIPELINE INIT - 2026-04-18T11:51:02.434857
2026-04-18 11:51:02 | INFO    | ================================================================================
2026-04-18 11:51:02 | INFO    | 
[1/3] Refreshing Live Satellite & Space Weather Data...
2026-04-18 11:51:02 | INFO    | Data directory ready → D:\AARAMBH_SYSTEM\data
2026-04-18 11:51:02 | INFO    | ============================================================
2026-04-18 11:51:02 | INFO    | COLLECTION CYCLE START — 2026-04-18T06:21:02.435858+00:00
2026-04-18 11:51:02 | INFO    | ============================================================
2026-04-18 11:51:02 | INFO    | Fetching CelesTrak GP catalog …
2026-04-18 11:51:06 | INFO    |   ✓ Saved D:\AARAMBH_SYSTEM\data\satellites_live_20260418T062102Z.json (204.2 KB)
2026-04-18 11:51:06 | INFO    |   → 379 satellites ingested.
2026-04-18 11:51:06 | INFO    | Fetching NOAA space-weather data …
2026-04-18 11:51:12 | INFO    |   ✓ Saved D:\AARAMBH_SYSTEM\data\noaa_planetary_k_index_1m_20260418T062102Z.json (39.8 KB)
2026-04-18 11:51:13 | INFO    |   ✓ Saved D:\AARAMBH_SYSTEM\data\noaa_solar_wind_plasma_1day_20260418T062102Z.json (112.3 KB)
2026-04-18 11:51:14 | INFO    |   ✓ Saved D:\AARAMBH_SYSTEM\data\noaa_solar_wind_mag_1day_20260418T062102Z.json (172.9 KB)
2026-04-18 11:51:17 | INFO    |   ✓ Saved D:\AARAMBH_SYSTEM\data\noaa_enlil_time_series_20260418T062102Z.json (1244.4 KB)
2026-04-18 11:51:17 | INFO    | ------------------------------------------------------------
2026-04-18 11:51:17 | INFO    | CYCLE DONE — 5/5 sources OK (14.7s elapsed)
2026-04-18 11:51:17 | INFO    | ------------------------------------------------------------
2026-04-18 11:51:17 | INFO    | 
[2/3] Executing Data Preprocessor (Merging & Physics Features)...
2026-04-18 11:51:17 | INFO    | ============================================================
2026-04-18 11:51:17 | INFO    | MERGE LIVE DATA — building enriched DataFrame
2026-04-18 11:51:17 | INFO    | ============================================================
2026-04-18 11:51:17 | INFO    |   Loaded 379 satellites from satellites_live_20260418T062102Z.json
2026-04-18 11:51:17 | INFO    |   Satellite columns: ['OBJECT_NAME', 'OBJECT_ID', 'EPOCH', 'MEAN_MOTION', 'ECCENTRICITY', 'INCLINATION', 'RA_OF_ASC_NODE', 'ARG_OF_PERICENTER', 'MEAN_ANOMALY', 'EPHEMERIS_TYPE', 'CLASSIFICATION_TYPE', 'NORAD_CAT_ID', 'ELEMENT_SET_NO', 'REV_AT_EPOCH', 'BSTAR', 'MEAN_MOTION_DOT', 'MEAN_MOTION_DDOT']
2026-04-18 11:51:17 | INFO    |   Engineering physics features ...
2026-04-18 11:51:17 | INFO    |   Kp index = 2.0  (time_tag: 2026-04-18T06:18:00)
2026-04-18 11:51:17 | INFO    |   Solar wind speed = 500.6 km/s
2026-04-18 11:51:17 | INFO    | ------------------------------------------------------------
2026-04-18 11:51:17 | INFO    |   Final DataFrame shape   : (379, 26)
2026-04-18 11:51:17 | INFO    |   Columns                 : ['object_name', 'object_id', 'epoch', 'mean_motion', 'eccentricity', 'inclination', 'raan', 'arg_pericenter', 'mean_anomaly', 'ephemeris_type', 'classification_type', 'norad_cat_id', 'element_set_no', 'rev_at_epoch', 'bstar', 'mean_motion_dot', 'mean_motion_ddot', 'epoch_dt', 'semi_major_axis_km', 'orbital_period_min', 'perigee_altitude_km', 'apogee_altitude_km', 'approx_velocity_kms', 'current_kp_index', 'solar_wind_speed_kms', 'timestamp']
2026-04-18 11:51:17 | INFO    |   Semi-major axis range   : 6658.6 - 41730.6 km
2026-04-18 11:51:17 | INFO    |   Perigee altitude range  : 157.6 - 1022.3 km
2026-04-18 11:51:17 | INFO    |   Approx velocity range   : 3.09 - 7.74 km/s
2026-04-18 11:51:17 | INFO    | ------------------------------------------------------------
2026-04-18 11:51:17 | ERROR   | Error during preprocessing: Missing optional dependency 'pyarrow'. pyarrow is required for parquet support. Use pip or conda to install pyarrow.
2026-04-18 11:51:17 | INFO    | 
[3/3] Running SUDARSHAN ML Engine (GNN + Transformer + SHAP)...
2026-04-18 11:51:17 | INFO    | ============================================================
2026-04-18 11:51:17 | INFO    | SUDARSHAN ML ENGINE — Start Analysis
2026-04-18 11:51:17 | INFO    | ============================================================
2026-04-18 11:51:17 | INFO    | Target Compute Device: cuda (NVIDIA GeForce RTX 2050)
2026-04-18 11:51:17 | INFO    | Loading processed spatial environment data...
2026-04-18 11:51:17 | ERROR   | Error during model execution: Unable to find a usable engine; tried using: 'pyarrow', 'fastparquet'.
A suitable version of pyarrow or fastparquet is required for parquet support.
Trying to import the above resulted in these errors:
 - Missing optional dependency 'pyarrow'. pyarrow is required for parquet support. Use pip or conda to install pyarrow.
 - Missing optional dependency 'fastparquet'. fastparquet is required for parquet support. Use pip or conda to install fastparquet.
2026-04-18 11:51:17 | INFO    | ================================================================================
2026-04-18 11:51:17 | INFO    | ✅ PROJECT SUDARSHAN FULL PIPELINE COMPLETE! Open data/sudarshan_risk_map.html
2026-04-18 11:51:17 | INFO    | ================================================================================
2026-04-18 11:54:26 | INFO    | ================================================================================
2026-04-18 11:54:26 | INFO    | 🚀 PROJECT SUDARSHAN FULL PIPELINE INIT - 2026-04-18T11:54:26.110855
2026-04-18 11:54:26 | INFO    | ================================================================================
2026-04-18 11:54:26 | INFO    | 
[1/3] Refreshing Live Satellite & Space Weather Data...
2026-04-18 11:54:26 | INFO    | Data directory ready → D:\AARAMBH_SYSTEM\data
2026-04-18 11:54:26 | INFO    | ============================================================
2026-04-18 11:54:26 | INFO    | COLLECTION CYCLE START — 2026-04-18T06:24:26.111278+00:00
2026-04-18 11:54:26 | INFO    | ============================================================
2026-04-18 11:54:26 | INFO    | Fetching CelesTrak GP catalog …
2026-04-18 11:54:28 | INFO    |   ✓ Saved D:\AARAMBH_SYSTEM\data\satellites_live_20260418T062426Z.json (204.2 KB)
2026-04-18 11:54:28 | INFO    |   → 379 satellites ingested.
2026-04-18 11:54:28 | INFO    | Fetching NOAA space-weather data …
2026-04-18 11:54:30 | INFO    |   ✓ Saved D:\AARAMBH_SYSTEM\data\noaa_planetary_k_index_1m_20260418T062426Z.json (39.8 KB)
2026-04-18 11:54:31 | INFO    |   ✓ Saved D:\AARAMBH_SYSTEM\data\noaa_solar_wind_plasma_1day_20260418T062426Z.json (112.3 KB)
2026-04-18 11:54:33 | INFO    |   ✓ Saved D:\AARAMBH_SYSTEM\data\noaa_solar_wind_mag_1day_20260418T062426Z.json (172.9 KB)
2026-04-18 11:54:35 | INFO    |   ✓ Saved D:\AARAMBH_SYSTEM\data\noaa_enlil_time_series_20260418T062426Z.json (1244.4 KB)
2026-04-18 11:54:35 | INFO    | ------------------------------------------------------------
2026-04-18 11:54:35 | INFO    | CYCLE DONE — 5/5 sources OK (9.3s elapsed)
2026-04-18 11:54:35 | INFO    | ------------------------------------------------------------
2026-04-18 11:54:35 | INFO    | 
[2/3] Executing Data Preprocessor (Merging & Physics Features)...
2026-04-18 11:54:35 | INFO    | ============================================================
2026-04-18 11:54:35 | INFO    | MERGE LIVE DATA — building enriched DataFrame
2026-04-18 11:54:35 | INFO    | ============================================================
2026-04-18 11:54:35 | INFO    |   Loaded 379 satellites from satellites_live_20260418T062426Z.json
2026-04-18 11:54:35 | INFO    |   Satellite columns: ['OBJECT_NAME', 'OBJECT_ID', 'EPOCH', 'MEAN_MOTION', 'ECCENTRICITY', 'INCLINATION', 'RA_OF_ASC_NODE', 'ARG_OF_PERICENTER', 'MEAN_ANOMALY', 'EPHEMERIS_TYPE', 'CLASSIFICATION_TYPE', 'NORAD_CAT_ID', 'ELEMENT_SET_NO', 'REV_AT_EPOCH', 'BSTAR', 'MEAN_MOTION_DOT', 'MEAN_MOTION_DDOT']
2026-04-18 11:54:35 | INFO    |   Engineering physics features ...
2026-04-18 11:54:35 | INFO    |   Kp index = 2.0  (time_tag: 2026-04-18T06:20:00)
2026-04-18 11:54:35 | INFO    |   Solar wind speed = 484.1 km/s
2026-04-18 11:54:35 | INFO    | ------------------------------------------------------------
2026-04-18 11:54:35 | INFO    |   Final DataFrame shape   : (379, 26)
2026-04-18 11:54:35 | INFO    |   Columns                 : ['object_name', 'object_id', 'epoch', 'mean_motion', 'eccentricity', 'inclination', 'raan', 'arg_pericenter', 'mean_anomaly', 'ephemeris_type', 'classification_type', 'norad_cat_id', 'element_set_no', 'rev_at_epoch', 'bstar', 'mean_motion_dot', 'mean_motion_ddot', 'epoch_dt', 'semi_major_axis_km', 'orbital_period_min', 'perigee_altitude_km', 'apogee_altitude_km', 'approx_velocity_kms', 'current_kp_index', 'solar_wind_speed_kms', 'timestamp']
2026-04-18 11:54:35 | INFO    |   Semi-major axis range   : 6658.6 - 41730.6 km
2026-04-18 11:54:35 | INFO    |   Perigee altitude range  : 157.6 - 1022.3 km
2026-04-18 11:54:35 | INFO    |   Approx velocity range   : 3.09 - 7.74 km/s
2026-04-18 11:54:35 | INFO    | ------------------------------------------------------------
2026-04-18 11:54:35 | INFO    | Parquet saved -> D:\AARAMBH_SYSTEM\data\processed_live_data.parquet
2026-04-18 11:54:35 | INFO    | Building Plotly dashboard ...
2026-04-18 11:54:36 | INFO    |   Dashboard saved -> D:\AARAMBH_SYSTEM\data\live_preview.html
2026-04-18 11:54:36 | INFO    | HTML saved -> D:\AARAMBH_SYSTEM\data\live_preview.html
2026-04-18 11:54:36 | INFO    | 
[3/3] Running SUDARSHAN ML Engine (GNN + Transformer + SHAP)...
2026-04-18 11:54:36 | INFO    | ============================================================
2026-04-18 11:54:36 | INFO    | SUDARSHAN ML ENGINE — Start Analysis
2026-04-18 11:54:36 | INFO    | ============================================================
2026-04-18 11:54:36 | INFO    | Target Compute Device: cuda (NVIDIA GeForce RTX 2050)
2026-04-18 11:54:36 | INFO    | Loading processed spatial environment data...
2026-04-18 11:54:36 | INFO    | Constructing Dynamic Spatial KNN Graph...
2026-04-18 11:54:36 | ERROR   | Error during model execution: 'knn_graph' requires 'torch-cluster'
2026-04-18 11:54:36 | INFO    | ================================================================================
2026-04-18 11:54:36 | INFO    | ✅ PROJECT SUDARSHAN FULL PIPELINE COMPLETE! Open data/sudarshan_risk_map.html
2026-04-18 11:54:36 | INFO    | ================================================================================
2026-04-18 12:02:13 | INFO    | ================================================================================
2026-04-18 12:02:13 | INFO    | 🚀 PROJECT SUDARSHAN FULL PIPELINE INIT - 2026-04-18T12:02:13.648146
2026-04-18 12:02:13 | INFO    | ================================================================================
2026-04-18 12:02:13 | INFO    | 
[1/3] Refreshing Live Satellite & Space Weather Data...
2026-04-18 12:02:13 | INFO    | Data directory ready → D:\AARAMBH_SYSTEM\data
2026-04-18 12:02:13 | INFO    | ============================================================
2026-04-18 12:02:13 | INFO    | COLLECTION CYCLE START — 2026-04-18T06:32:13.648146+00:00
2026-04-18 12:02:13 | INFO    | ============================================================
2026-04-18 12:02:13 | INFO    | Fetching CelesTrak GP catalog …
2026-04-18 12:02:15 | INFO    |   ✓ Saved D:\AARAMBH_SYSTEM\data\satellites_live_20260418T063213Z.json (204.2 KB)
2026-04-18 12:02:15 | INFO    |   → 379 satellites ingested.
2026-04-18 12:02:15 | INFO    | Fetching NOAA space-weather data …
2026-04-18 12:02:16 | INFO    |   ✓ Saved D:\AARAMBH_SYSTEM\data\noaa_planetary_k_index_1m_20260418T063213Z.json (39.8 KB)
2026-04-18 12:02:16 | INFO    |   ✓ Saved D:\AARAMBH_SYSTEM\data\noaa_solar_wind_plasma_1day_20260418T063213Z.json (112.2 KB)
2026-04-18 12:02:17 | INFO    |   ✓ Saved D:\AARAMBH_SYSTEM\data\noaa_solar_wind_mag_1day_20260418T063213Z.json (172.9 KB)
2026-04-18 12:02:17 | INFO    |   ✓ Saved D:\AARAMBH_SYSTEM\data\noaa_enlil_time_series_20260418T063213Z.json (1244.4 KB)
2026-04-18 12:02:17 | INFO    | ------------------------------------------------------------
2026-04-18 12:02:17 | INFO    | CYCLE DONE — 5/5 sources OK (3.8s elapsed)
2026-04-18 12:02:17 | INFO    | ------------------------------------------------------------
2026-04-18 12:02:17 | INFO    | 
[2/3] Executing Data Preprocessor (Merging & Physics Features)...
2026-04-18 12:02:17 | INFO    | ============================================================
2026-04-18 12:02:17 | INFO    | MERGE LIVE DATA — building enriched DataFrame
2026-04-18 12:02:17 | INFO    | ============================================================
2026-04-18 12:02:17 | INFO    |   Loaded 379 satellites from satellites_live_20260418T063213Z.json
2026-04-18 12:02:17 | INFO    |   Satellite columns: ['OBJECT_NAME', 'OBJECT_ID', 'EPOCH', 'MEAN_MOTION', 'ECCENTRICITY', 'INCLINATION', 'RA_OF_ASC_NODE', 'ARG_OF_PERICENTER', 'MEAN_ANOMALY', 'EPHEMERIS_TYPE', 'CLASSIFICATION_TYPE', 'NORAD_CAT_ID', 'ELEMENT_SET_NO', 'REV_AT_EPOCH', 'BSTAR', 'MEAN_MOTION_DOT', 'MEAN_MOTION_DDOT']
2026-04-18 12:02:17 | INFO    |   Engineering physics features ...
2026-04-18 12:02:17 | INFO    |   Kp index = 2.0  (time_tag: 2026-04-18T06:29:00)
2026-04-18 12:02:17 | INFO    |   Solar wind speed = 481.8 km/s
2026-04-18 12:02:17 | INFO    | ------------------------------------------------------------
2026-04-18 12:02:17 | INFO    |   Final DataFrame shape   : (379, 26)
2026-04-18 12:02:17 | INFO    |   Columns                 : ['object_name', 'object_id', 'epoch', 'mean_motion', 'eccentricity', 'inclination', 'raan', 'arg_pericenter', 'mean_anomaly', 'ephemeris_type', 'classification_type', 'norad_cat_id', 'element_set_no', 'rev_at_epoch', 'bstar', 'mean_motion_dot', 'mean_motion_ddot', 'epoch_dt', 'semi_major_axis_km', 'orbital_period_min', 'perigee_altitude_km', 'apogee_altitude_km', 'approx_velocity_kms', 'current_kp_index', 'solar_wind_speed_kms', 'timestamp']
2026-04-18 12:02:17 | INFO    |   Semi-major axis range   : 6658.6 - 41730.6 km
2026-04-18 12:02:17 | INFO    |   Perigee altitude range  : 157.6 - 1022.3 km
2026-04-18 12:02:17 | INFO    |   Approx velocity range   : 3.09 - 7.74 km/s
2026-04-18 12:02:17 | INFO    | ------------------------------------------------------------
2026-04-18 12:02:17 | INFO    | Parquet saved -> D:\AARAMBH_SYSTEM\data\processed_live_data.parquet
2026-04-18 12:02:17 | INFO    | Building Plotly dashboard ...
2026-04-18 12:02:18 | INFO    |   Dashboard saved -> D:\AARAMBH_SYSTEM\data\live_preview.html
2026-04-18 12:02:18 | INFO    | HTML saved -> D:\AARAMBH_SYSTEM\data\live_preview.html
2026-04-18 12:02:18 | INFO    | 
[3/3] Running SUDARSHAN ML Engine (GNN + Transformer + SHAP)...
2026-04-18 12:02:18 | INFO    | ============================================================
2026-04-18 12:02:18 | INFO    | SUDARSHAN ML ENGINE — Start Analysis
2026-04-18 12:02:18 | INFO    | ============================================================
2026-04-18 12:02:18 | INFO    | Target Compute Device: cuda (NVIDIA GeForce RTX 2050)
2026-04-18 12:02:18 | INFO    | Loading processed spatial environment data...
2026-04-18 12:02:18 | INFO    | Constructing Dynamic Spatial KNN Graph...
2026-04-18 12:02:18 | ERROR   | Error during model execution: 'knn_graph' requires 'torch-cluster'
2026-04-18 12:02:18 | INFO    | ================================================================================
2026-04-18 12:02:18 | INFO    | ✅ PROJECT SUDARSHAN FULL PIPELINE COMPLETE! Open data/sudarshan_risk_map.html
2026-04-18 12:02:18 | INFO    | ================================================================================
2026-04-20 10:42:06 | INFO    | ================================================================================
2026-04-20 10:42:06 | INFO    | 🚀 PROJECT SUDARSHAN FULL PIPELINE INIT - 2026-04-20T10:42:06.559599
2026-04-20 10:42:06 | INFO    | ================================================================================
2026-04-20 10:42:06 | INFO    | 
[1/3] Refreshing Live Satellite & Space Weather Data...
2026-04-20 10:42:06 | INFO    | Data directory ready → D:\SUDARSHAN_SYSTEM\data
2026-04-20 10:42:06 | INFO    | ============================================================
2026-04-20 10:42:06 | INFO    | COLLECTION CYCLE START — 2026-04-20T05:12:06.560102+00:00
2026-04-20 10:42:06 | INFO    | ============================================================
2026-04-20 10:42:06 | INFO    | Fetching CelesTrak GP catalog …
2026-04-20 10:42:11 | INFO    |   ✓ Saved D:\SUDARSHAN_SYSTEM\data\satellites_live_20260420T051206Z.json (190.1 KB)
2026-04-20 10:42:11 | INFO    |   → 353 satellites ingested.
2026-04-20 10:42:11 | INFO    | Fetching NOAA space-weather data …
2026-04-20 10:42:16 | INFO    |   ✓ Saved D:\SUDARSHAN_SYSTEM\data\noaa_planetary_k_index_1m_20260420T051206Z.json (39.7 KB)
2026-04-20 10:42:16 | INFO    |   ✓ Saved D:\SUDARSHAN_SYSTEM\data\noaa_solar_wind_plasma_1day_20260420T051206Z.json (114.4 KB)
2026-04-20 10:42:17 | INFO    |   ✓ Saved D:\SUDARSHAN_SYSTEM\data\noaa_solar_wind_mag_1day_20260420T051206Z.json (169.6 KB)
2026-04-20 10:42:17 | INFO    |   ✓ Saved D:\SUDARSHAN_SYSTEM\data\noaa_enlil_time_series_20260420T051206Z.json (1242.6 KB)
2026-04-20 10:42:17 | INFO    | ------------------------------------------------------------
2026-04-20 10:42:17 | INFO    | CYCLE DONE — 5/5 sources OK (10.9s elapsed)
2026-04-20 10:42:17 | INFO    | ------------------------------------------------------------
2026-04-20 10:42:17 | INFO    | 
[2/3] Executing Data Preprocessor (Merging & Physics Features)...
2026-04-20 10:42:17 | INFO    | ============================================================
2026-04-20 10:42:17 | INFO    | MERGE LIVE DATA — building enriched DataFrame
2026-04-20 10:42:17 | INFO    | ============================================================
2026-04-20 10:42:17 | INFO    |   Loaded 353 satellites from satellites_live_20260420T051206Z.json
2026-04-20 10:42:17 | INFO    |   Satellite columns: ['OBJECT_NAME', 'OBJECT_ID', 'EPOCH', 'MEAN_MOTION', 'ECCENTRICITY', 'INCLINATION', 'RA_OF_ASC_NODE', 'ARG_OF_PERICENTER', 'MEAN_ANOMALY', 'EPHEMERIS_TYPE', 'CLASSIFICATION_TYPE', 'NORAD_CAT_ID', 'ELEMENT_SET_NO', 'REV_AT_EPOCH', 'BSTAR', 'MEAN_MOTION_DOT', 'MEAN_MOTION_DDOT']
2026-04-20 10:42:17 | INFO    |   Engineering physics features ...
2026-04-20 10:42:17 | INFO    |   Kp index = 0.0  (time_tag: 2026-04-20T05:09:00)
2026-04-20 10:42:17 | INFO    |   Solar wind speed = 421.3 km/s
2026-04-20 10:42:17 | INFO    | ------------------------------------------------------------
2026-04-20 10:42:17 | INFO    |   Final DataFrame shape   : (353, 26)
2026-04-20 10:42:17 | INFO    |   Columns                 : ['object_name', 'object_id', 'epoch', 'mean_motion', 'eccentricity', 'inclination', 'raan', 'arg_pericenter', 'mean_anomaly', 'ephemeris_type', 'classification_type', 'norad_cat_id', 'element_set_no', 'rev_at_epoch', 'bstar', 'mean_motion_dot', 'mean_motion_ddot', 'epoch_dt', 'semi_major_axis_km', 'orbital_period_min', 'perigee_altitude_km', 'apogee_altitude_km', 'approx_velocity_kms', 'current_kp_index', 'solar_wind_speed_kms', 'timestamp']
2026-04-20 10:42:17 | INFO    |   Semi-major axis range   : 6658.6 - 41730.6 km
2026-04-20 10:42:17 | INFO    |   Perigee altitude range  : 161.5 - 1022.3 km
2026-04-20 10:42:17 | INFO    |   Approx velocity range   : 3.09 - 7.74 km/s
2026-04-20 10:42:17 | INFO    | ------------------------------------------------------------
2026-04-20 10:42:17 | INFO    | Parquet saved -> D:\SUDARSHAN_SYSTEM\data\processed_live_data.parquet
2026-04-20 10:42:17 | INFO    | Building Plotly dashboard ...
2026-04-20 10:42:19 | INFO    |   Dashboard saved -> D:\SUDARSHAN_SYSTEM\data\live_preview.html
2026-04-20 10:42:19 | INFO    | HTML saved -> D:\SUDARSHAN_SYSTEM\data\live_preview.html
2026-04-20 10:42:19 | INFO    | 
[3/3] Running SUDARSHAN ML Engine (GNN + Transformer + SHAP)...
2026-04-20 10:42:19 | INFO    | ============================================================
2026-04-20 10:42:19 | INFO    | SUDARSHAN ML ENGINE — Start Analysis
2026-04-20 10:42:19 | INFO    | ============================================================
2026-04-20 10:42:19 | INFO    | Target Compute Device: cuda (NVIDIA GeForce RTX 2050)
2026-04-20 10:42:19 | INFO    | Loading processed spatial environment data...
2026-04-20 10:42:19 | INFO    | Constructing Dynamic Spatial KNN Graph...
2026-04-20 10:42:19 | ERROR   | Error during model execution: 'knn_graph' requires 'torch-cluster'
2026-04-20 10:42:19 | INFO    | ================================================================================
2026-04-20 10:42:19 | INFO    | ✅ PROJECT SUDARSHAN FULL PIPELINE COMPLETE! Open data/sudarshan_risk_map.html
2026-04-20 10:42:19 | INFO    | ================================================================================
2026-04-20 11:12:50 | INFO    | ================================================================================
2026-04-20 11:12:50 | INFO    | 🚀 PROJECT SUDARSHAN FULL PIPELINE INIT - 2026-04-20T11:12:50.617301
2026-04-20 11:12:50 | INFO    | ================================================================================
2026-04-20 11:12:50 | INFO    | 
[1/3] Refreshing Live Satellite & Space Weather Data...
2026-04-20 11:12:50 | INFO    | Data directory ready → D:\SUDARSHAN_SYSTEM\data
2026-04-20 11:12:50 | INFO    | ============================================================
2026-04-20 11:12:50 | INFO    | COLLECTION CYCLE START — 2026-04-20T05:42:50.617301+00:00
2026-04-20 11:12:50 | INFO    | ============================================================
2026-04-20 11:12:50 | INFO    | Fetching CelesTrak GP catalog …
2026-04-20 11:12:53 | INFO    |   ✓ Saved D:\SUDARSHAN_SYSTEM\data\satellites_live_20260420T054250Z.json (190.1 KB)
2026-04-20 11:12:53 | INFO    |   → 353 satellites ingested.
2026-04-20 11:12:53 | INFO    | Fetching NOAA space-weather data …
2026-04-20 11:12:56 | INFO    |   ✓ Saved D:\SUDARSHAN_SYSTEM\data\noaa_planetary_k_index_1m_20260420T054250Z.json (39.6 KB)
2026-04-20 11:12:56 | INFO    |   ✓ Saved D:\SUDARSHAN_SYSTEM\data\noaa_solar_wind_plasma_1day_20260420T054250Z.json (114.5 KB)
2026-04-20 11:12:57 | INFO    |   ✓ Saved D:\SUDARSHAN_SYSTEM\data\noaa_solar_wind_mag_1day_20260420T054250Z.json (169.6 KB)
2026-04-20 11:12:57 | INFO    |   ✓ Saved D:\SUDARSHAN_SYSTEM\data\noaa_enlil_time_series_20260420T054250Z.json (1242.6 KB)
2026-04-20 11:12:57 | INFO    | ------------------------------------------------------------
2026-04-20 11:12:57 | INFO    | CYCLE DONE — 5/5 sources OK (6.9s elapsed)
2026-04-20 11:12:57 | INFO    | ------------------------------------------------------------
2026-04-20 11:12:57 | INFO    | 
[2/3] Executing Data Preprocessor (Merging & Physics Features)...
2026-04-20 11:12:57 | INFO    | ============================================================
2026-04-20 11:12:57 | INFO    | MERGE LIVE DATA — building enriched DataFrame
2026-04-20 11:12:57 | INFO    | ============================================================
2026-04-20 11:12:57 | INFO    |   Loaded 353 satellites from satellites_live_20260420T054250Z.json
2026-04-20 11:12:57 | INFO    |   Satellite columns: ['OBJECT_NAME', 'OBJECT_ID', 'EPOCH', 'MEAN_MOTION', 'ECCENTRICITY', 'INCLINATION', 'RA_OF_ASC_NODE', 'ARG_OF_PERICENTER', 'MEAN_ANOMALY', 'EPHEMERIS_TYPE', 'CLASSIFICATION_TYPE', 'NORAD_CAT_ID', 'ELEMENT_SET_NO', 'REV_AT_EPOCH', 'BSTAR', 'MEAN_MOTION_DOT', 'MEAN_MOTION_DDOT']
2026-04-20 11:12:57 | INFO    |   Engineering physics features ...
2026-04-20 11:12:57 | INFO    |   Kp index = 1.0  (time_tag: 2026-04-20T05:39:00)
2026-04-20 11:12:57 | INFO    |   Solar wind speed = 427.4 km/s
2026-04-20 11:12:57 | INFO    | ------------------------------------------------------------
2026-04-20 11:12:57 | INFO    |   Final DataFrame shape   : (353, 26)
2026-04-20 11:12:57 | INFO    |   Columns                 : ['object_name', 'object_id', 'epoch', 'mean_motion', 'eccentricity', 'inclination', 'raan', 'arg_pericenter', 'mean_anomaly', 'ephemeris_type', 'classification_type', 'norad_cat_id', 'element_set_no', 'rev_at_epoch', 'bstar', 'mean_motion_dot', 'mean_motion_ddot', 'epoch_dt', 'semi_major_axis_km', 'orbital_period_min', 'perigee_altitude_km', 'apogee_altitude_km', 'approx_velocity_kms', 'current_kp_index', 'solar_wind_speed_kms', 'timestamp']
2026-04-20 11:12:57 | INFO    |   Semi-major axis range   : 6658.6 - 41730.6 km
2026-04-20 11:12:57 | INFO    |   Perigee altitude range  : 161.5 - 1022.3 km
2026-04-20 11:12:57 | INFO    |   Approx velocity range   : 3.09 - 7.74 km/s
2026-04-20 11:12:57 | INFO    | ------------------------------------------------------------
2026-04-20 11:12:57 | INFO    | Parquet saved -> D:\SUDARSHAN_SYSTEM\data\processed_live_data.parquet
2026-04-20 11:12:57 | INFO    | Building Plotly dashboard ...
2026-04-20 11:12:59 | INFO    |   Dashboard saved -> D:\SUDARSHAN_SYSTEM\data\live_preview.html
2026-04-20 11:12:59 | INFO    | HTML saved -> D:\SUDARSHAN_SYSTEM\data\live_preview.html
2026-04-20 11:12:59 | INFO    | 
[3/3] Running SUDARSHAN ML Engine (MLP + Transformer + SHAP)...
2026-04-20 11:13:00 | INFO    | num_full_subsets = 3
2026-04-20 11:13:00 | INFO    | np.sum(w_aug) = np.float64(6.0)
2026-04-20 11:13:00 | INFO    | np.sum(self.kernelWeights) = np.float64(1.0)
2026-04-20 11:13:00 | INFO    | phi = array([-0.00287151,  0.0032213 ,  0.00213703,  0.00337003,  0.005156  ,
        0.00315128])
2026-04-20 11:13:00 | INFO    | num_full_subsets = 3
2026-04-20 11:13:00 | INFO    | np.sum(w_aug) = np.float64(6.0)
2026-04-20 11:13:00 | INFO    | np.sum(self.kernelWeights) = np.float64(1.0)
2026-04-20 11:13:00 | INFO    | phi = array([-0.00287194,  0.00322207,  0.00213574,  0.00336997,  0.00515534,
        0.00315194])
2026-04-20 11:13:00 | INFO    | num_full_subsets = 3
2026-04-20 11:13:00 | INFO    | np.sum(w_aug) = np.float64(6.0)
2026-04-20 11:13:00 | INFO    | np.sum(self.kernelWeights) = np.float64(1.0)
2026-04-20 11:13:00 | INFO    | phi = array([-0.00287176,  0.00322179,  0.00213606,  0.00337001,  0.00515547,
        0.00315166])
2026-04-20 11:13:00 | INFO    | num_full_subsets = 3
2026-04-20 11:13:00 | INFO    | np.sum(w_aug) = np.float64(6.0)
2026-04-20 11:13:00 | INFO    | np.sum(self.kernelWeights) = np.float64(1.0)
2026-04-20 11:13:00 | INFO    | phi = array([-0.00287158,  0.00322157,  0.00213552,  0.00336992,  0.00515535,
        0.0031512 ])
2026-04-20 11:13:00 | INFO    | num_full_subsets = 3
2026-04-20 11:13:00 | INFO    | np.sum(w_aug) = np.float64(6.0)
2026-04-20 11:13:00 | INFO    | np.sum(self.kernelWeights) = np.float64(1.0)
2026-04-20 11:13:00 | INFO    | phi = array([-0.00287143,  0.00322139,  0.00213569,  0.00336997,  0.00515548,
        0.003151  ])
2026-04-20 11:13:00 | INFO    | ================================================================================
2026-04-20 11:13:00 | INFO    | ✅ PROJECT SUDARSHAN FULL PIPELINE COMPLETE! Open data/sudarshan_risk_map.html
2026-04-20 11:13:00 | INFO    | ================================================================================
2026-04-20 11:20:03 | INFO    | ================================================================================
2026-04-20 11:20:03 | INFO    | 🚀 PROJECT SUDARSHAN FULL PIPELINE INIT - 2026-04-20T11:20:03.074123
2026-04-20 11:20:03 | INFO    | ================================================================================
2026-04-20 11:20:03 | INFO    | 
[1/3] Refreshing Live Satellite & Space Weather Data...
2026-04-20 11:20:03 | INFO    | Data directory ready → D:\SUDARSHAN_SYSTEM\data
2026-04-20 11:20:03 | INFO    | ============================================================
2026-04-20 11:20:03 | INFO    | COLLECTION CYCLE START — 2026-04-20T05:50:03.074630+00:00
2026-04-20 11:20:03 | INFO    | ============================================================
2026-04-20 11:20:03 | INFO    | Fetching CelesTrak GP catalog …
2026-04-20 11:20:05 | INFO    |   ✓ Saved D:\SUDARSHAN_SYSTEM\data\satellites_live_20260420T055003Z.json (190.1 KB)
2026-04-20 11:20:05 | INFO    |   → 353 satellites ingested.
2026-04-20 11:20:05 | INFO    | Fetching NOAA space-weather data …
2026-04-20 11:20:08 | INFO    |   ✓ Saved D:\SUDARSHAN_SYSTEM\data\noaa_planetary_k_index_1m_20260420T055003Z.json (39.6 KB)
2026-04-20 11:20:08 | INFO    |   ✓ Saved D:\SUDARSHAN_SYSTEM\data\noaa_solar_wind_plasma_1day_20260420T055003Z.json (114.5 KB)
2026-04-20 11:20:08 | INFO    |   ✓ Saved D:\SUDARSHAN_SYSTEM\data\noaa_solar_wind_mag_1day_20260420T055003Z.json (169.5 KB)
2026-04-20 11:20:09 | INFO    |   ✓ Saved D:\SUDARSHAN_SYSTEM\data\noaa_enlil_time_series_20260420T055003Z.json (1242.6 KB)
2026-04-20 11:20:09 | INFO    | ------------------------------------------------------------
2026-04-20 11:20:09 | INFO    | CYCLE DONE — 5/5 sources OK (6.2s elapsed)
2026-04-20 11:20:09 | INFO    | ------------------------------------------------------------
2026-04-20 11:20:09 | INFO    | 
[2/3] Executing Data Preprocessor (Merging & Physics Features)...
2026-04-20 11:20:09 | INFO    | ============================================================
2026-04-20 11:20:09 | INFO    | MERGE LIVE DATA — building enriched DataFrame
2026-04-20 11:20:09 | INFO    | ============================================================
2026-04-20 11:20:09 | INFO    |   Loaded 353 satellites from satellites_live_20260420T055003Z.json
2026-04-20 11:20:09 | INFO    |   Satellite columns: ['OBJECT_NAME', 'OBJECT_ID', 'EPOCH', 'MEAN_MOTION', 'ECCENTRICITY', 'INCLINATION', 'RA_OF_ASC_NODE', 'ARG_OF_PERICENTER', 'MEAN_ANOMALY', 'EPHEMERIS_TYPE', 'CLASSIFICATION_TYPE', 'NORAD_CAT_ID', 'ELEMENT_SET_NO', 'REV_AT_EPOCH', 'BSTAR', 'MEAN_MOTION_DOT', 'MEAN_MOTION_DDOT']
2026-04-20 11:20:09 | INFO    |   Engineering physics features ...
2026-04-20 11:20:09 | INFO    |   Kp index = 1.0  (time_tag: 2026-04-20T05:47:00)
2026-04-20 11:20:09 | INFO    |   Solar wind speed = 424.7 km/s
2026-04-20 11:20:09 | INFO    | ------------------------------------------------------------
2026-04-20 11:20:09 | INFO    |   Final DataFrame shape   : (353, 26)
2026-04-20 11:20:09 | INFO    |   Columns                 : ['object_name', 'object_id', 'epoch', 'mean_motion', 'eccentricity', 'inclination', 'raan', 'arg_pericenter', 'mean_anomaly', 'ephemeris_type', 'classification_type', 'norad_cat_id', 'element_set_no', 'rev_at_epoch', 'bstar', 'mean_motion_dot', 'mean_motion_ddot', 'epoch_dt', 'semi_major_axis_km', 'orbital_period_min', 'perigee_altitude_km', 'apogee_altitude_km', 'approx_velocity_kms', 'current_kp_index', 'solar_wind_speed_kms', 'timestamp']
2026-04-20 11:20:09 | INFO    |   Semi-major axis range   : 6658.6 - 41730.6 km
2026-04-20 11:20:09 | INFO    |   Perigee altitude range  : 161.5 - 1022.3 km
2026-04-20 11:20:09 | INFO    |   Approx velocity range   : 3.09 - 7.74 km/s
2026-04-20 11:20:09 | INFO    | ------------------------------------------------------------
2026-04-20 11:20:09 | INFO    | Parquet saved -> D:\SUDARSHAN_SYSTEM\data\processed_live_data.parquet
2026-04-20 11:20:09 | INFO    | Building Plotly dashboard ...
2026-04-20 11:20:11 | INFO    |   Dashboard saved -> D:\SUDARSHAN_SYSTEM\data\live_preview.html
2026-04-20 11:20:11 | INFO    | HTML saved -> D:\SUDARSHAN_SYSTEM\data\live_preview.html
2026-04-20 11:20:11 | INFO    | 
[3/3] Running SUDARSHAN ML Engine (MLP + Transformer + SHAP)...
2026-04-20 11:20:11 | INFO    | num_full_subsets = 3
2026-04-20 11:20:11 | INFO    | np.sum(w_aug) = np.float64(6.0)
2026-04-20 11:20:11 | INFO    | np.sum(self.kernelWeights) = np.float64(1.0)
2026-04-20 11:20:11 | INFO    | phi = array([-0.00252424,  0.00327421,  0.00522353,  0.00276857,  0.00506545,
        0.00248959])
2026-04-20 11:20:11 | INFO    | num_full_subsets = 3
2026-04-20 11:20:11 | INFO    | np.sum(w_aug) = np.float64(6.0)
2026-04-20 11:20:11 | INFO    | np.sum(self.kernelWeights) = np.float64(1.0)
2026-04-20 11:20:11 | INFO    | phi = array([-0.00252425,  0.00327368,  0.00522329,  0.00276688,  0.00506533,
        0.00248893])
2026-04-20 11:20:11 | INFO    | num_full_subsets = 3
2026-04-20 11:20:11 | INFO    | np.sum(w_aug) = np.float64(6.0)
2026-04-20 11:20:11 | INFO    | np.sum(self.kernelWeights) = np.float64(1.0)
2026-04-20 11:20:11 | INFO    | phi = array([-0.00252422,  0.00327458,  0.00522368,  0.00276997,  0.00506552,
        0.00249001])
2026-04-20 11:20:11 | INFO    | num_full_subsets = 3
2026-04-20 11:20:11 | INFO    | np.sum(w_aug) = np.float64(6.0)
2026-04-20 11:20:11 | INFO    | np.sum(self.kernelWeights) = np.float64(1.0)
2026-04-20 11:20:11 | INFO    | phi = array([-0.00252424,  0.00327371,  0.0052232 ,  0.00276713,  0.00506532,
        0.00248894])
2026-04-20 11:20:11 | INFO    | num_full_subsets = 3
2026-04-20 11:20:11 | INFO    | np.sum(w_aug) = np.float64(6.0)
2026-04-20 11:20:11 | INFO    | np.sum(self.kernelWeights) = np.float64(1.0)
2026-04-20 11:20:11 | INFO    | phi = array([-0.0025242 ,  0.00327352,  0.00522326,  0.00276779,  0.00506519,
        0.00248855])
2026-04-20 11:20:11 | INFO    | ================================================================================
2026-04-20 11:20:11 | INFO    | ✅ PROJECT SUDARSHAN FULL PIPELINE COMPLETE! Open data/sudarshan_risk_map.html
2026-04-20 11:20:11 | INFO    | ================================================================================
2026-04-20 11:33:36 | INFO    | ================================================================================
2026-04-20 11:33:36 | INFO    | 🚀 PROJECT SUDARSHAN FULL PIPELINE INIT - 2026-04-20T11:33:36.618029
2026-04-20 11:33:36 | INFO    | ================================================================================
2026-04-20 11:33:36 | INFO    | 
[1/3] Refreshing Live Satellite & Space Weather Data...
2026-04-20 11:33:36 | INFO    | Data directory ready → D:\SUDARSHAN_SYSTEM\data
2026-04-20 11:33:36 | INFO    | ============================================================
2026-04-20 11:33:36 | INFO    | COLLECTION CYCLE START — 2026-04-20T06:03:36.618029+00:00
2026-04-20 11:33:36 | INFO    | ============================================================
2026-04-20 11:33:36 | INFO    | Fetching CelesTrak GP catalog …
2026-04-20 11:33:38 | INFO    |   ✓ Saved D:\SUDARSHAN_SYSTEM\data\satellites_live_20260420T060336Z.json (190.1 KB)
2026-04-20 11:33:38 | INFO    |   → 353 satellites ingested.
2026-04-20 11:33:38 | INFO    | Fetching NOAA space-weather data …
2026-04-20 11:33:42 | INFO    |   ✓ Saved D:\SUDARSHAN_SYSTEM\data\noaa_planetary_k_index_1m_20260420T060336Z.json (39.6 KB)
2026-04-20 11:33:43 | INFO    |   ✓ Saved D:\SUDARSHAN_SYSTEM\data\noaa_solar_wind_plasma_1day_20260420T060336Z.json (114.5 KB)
2026-04-20 11:33:44 | INFO    |   ✓ Saved D:\SUDARSHAN_SYSTEM\data\noaa_solar_wind_mag_1day_20260420T060336Z.json (169.6 KB)
2026-04-20 11:33:47 | INFO    |   ✓ Saved D:\SUDARSHAN_SYSTEM\data\noaa_enlil_time_series_20260420T060336Z.json (1242.6 KB)
2026-04-20 11:33:47 | INFO    | ------------------------------------------------------------
2026-04-20 11:33:47 | INFO    | CYCLE DONE — 5/5 sources OK (10.6s elapsed)
2026-04-20 11:33:47 | INFO    | ------------------------------------------------------------
2026-04-20 11:33:47 | INFO    | 
[2/3] Executing Data Preprocessor (Merging & Physics Features)...
2026-04-20 11:33:47 | INFO    | ============================================================
2026-04-20 11:33:47 | INFO    | MERGE LIVE DATA — building enriched DataFrame
2026-04-20 11:33:47 | INFO    | ============================================================
2026-04-20 11:33:47 | INFO    |   Loaded 353 satellites from satellites_live_20260420T060336Z.json
2026-04-20 11:33:47 | INFO    |   Satellite columns: ['OBJECT_NAME', 'OBJECT_ID', 'EPOCH', 'MEAN_MOTION', 'ECCENTRICITY', 'INCLINATION', 'RA_OF_ASC_NODE', 'ARG_OF_PERICENTER', 'MEAN_ANOMALY', 'EPHEMERIS_TYPE', 'CLASSIFICATION_TYPE', 'NORAD_CAT_ID', 'ELEMENT_SET_NO', 'REV_AT_EPOCH', 'BSTAR', 'MEAN_MOTION_DOT', 'MEAN_MOTION_DDOT']
2026-04-20 11:33:47 | INFO    |   Engineering physics features ...
2026-04-20 11:33:47 | INFO    |   Kp index = 0.0  (time_tag: 2026-04-20T06:00:00)
2026-04-20 11:33:47 | INFO    |   Solar wind speed = 473.4 km/s
2026-04-20 11:33:47 | INFO    | ------------------------------------------------------------
2026-04-20 11:33:47 | INFO    |   Final DataFrame shape   : (353, 26)
2026-04-20 11:33:47 | INFO    |   Columns                 : ['object_name', 'object_id', 'epoch', 'mean_motion', 'eccentricity', 'inclination', 'raan', 'arg_pericenter', 'mean_anomaly', 'ephemeris_type', 'classification_type', 'norad_cat_id', 'element_set_no', 'rev_at_epoch', 'bstar', 'mean_motion_dot', 'mean_motion_ddot', 'epoch_dt', 'semi_major_axis_km', 'orbital_period_min', 'perigee_altitude_km', 'apogee_altitude_km', 'approx_velocity_kms', 'current_kp_index', 'solar_wind_speed_kms', 'timestamp']
2026-04-20 11:33:47 | INFO    |   Semi-major axis range   : 6658.6 - 41730.6 km
2026-04-20 11:33:47 | INFO    |   Perigee altitude range  : 161.5 - 1022.3 km
2026-04-20 11:33:47 | INFO    |   Approx velocity range   : 3.09 - 7.74 km/s
2026-04-20 11:33:47 | INFO    | ------------------------------------------------------------
2026-04-20 11:33:47 | INFO    | Parquet saved -> D:\SUDARSHAN_SYSTEM\data\processed_live_data.parquet
2026-04-20 11:33:47 | INFO    | Building Plotly dashboard ...
2026-04-20 11:33:48 | INFO    |   Dashboard saved -> D:\SUDARSHAN_SYSTEM\data\live_preview.html
2026-04-20 11:33:48 | INFO    | HTML saved -> D:\SUDARSHAN_SYSTEM\data\live_preview.html
2026-04-20 11:33:48 | INFO    | 
[3/3] Running SUDARSHAN ML Engine (MLP + Transformer + SHAP)...
2026-04-20 11:33:49 | INFO    | num_full_subsets = 3
2026-04-20 11:33:49 | INFO    | np.sum(w_aug) = 6.0
2026-04-20 11:33:49 | INFO    | np.sum(self.kernelWeights) = 1.0
2026-04-20 11:33:49 | INFO    | phi = array([-0.00290882,  0.00331141, -0.00306412,  0.00289893,  0.00508835,
        0.00278579])
2026-04-20 11:33:49 | INFO    | num_full_subsets = 3
2026-04-20 11:33:49 | INFO    | np.sum(w_aug) = 6.0
2026-04-20 11:33:49 | INFO    | np.sum(self.kernelWeights) = 1.0
2026-04-20 11:33:49 | INFO    | phi = array([-0.00290873,  0.00331125, -0.00306412,  0.00289833,  0.0050882 ,
        0.0027856 ])
2026-04-20 11:33:49 | INFO    | num_full_subsets = 3
2026-04-20 11:33:49 | INFO    | np.sum(w_aug) = 6.0
2026-04-20 11:33:49 | INFO    | np.sum(self.kernelWeights) = 1.0
2026-04-20 11:33:49 | INFO    | phi = array([-0.0029096 ,  0.003312  , -0.0030646 ,  0.00289934,  0.00508904,
        0.00278689])
2026-04-20 11:33:49 | INFO    | num_full_subsets = 3
2026-04-20 11:33:49 | INFO    | np.sum(w_aug) = 6.0
2026-04-20 11:33:49 | INFO    | np.sum(self.kernelWeights) = 1.0
2026-04-20 11:33:49 | INFO    | phi = array([-0.00291224,  0.0033056 , -0.0030677 ,  0.00284663,  0.00508428,
        0.0027843 ])
2026-04-20 11:33:49 | INFO    | num_full_subsets = 3
2026-04-20 11:33:49 | INFO    | np.sum(w_aug) = 6.0
2026-04-20 11:33:49 | INFO    | np.sum(self.kernelWeights) = 1.0
2026-04-20 11:33:49 | INFO    | phi = array([-0.00315882,  0.00213503,  0.00747498, -0.00367787,  0.0049037 ,
        0.00288326])
2026-04-20 11:33:49 | INFO    | ================================================================================
2026-04-20 11:33:49 | INFO    | ✅ PROJECT SUDARSHAN FULL PIPELINE COMPLETE! Open data/sudarshan_risk_map.html
2026-04-20 11:33:49 | INFO    | ================================================================================
2026-04-20 11:45:54 | INFO    | ================================================================================
2026-04-20 11:45:54 | INFO    | 🚀 PROJECT SUDARSHAN FULL PIPELINE INIT - 2026-04-20T11:45:54.557460
2026-04-20 11:45:54 | INFO    | ================================================================================
2026-04-20 11:45:54 | INFO    | 
[1/3] Refreshing Live Satellite & Space Weather Data...
2026-04-20 11:45:54 | INFO    | Data directory ready → D:\SUDARSHAN_SYSTEM\data
2026-04-20 11:45:54 | INFO    | ============================================================
2026-04-20 11:45:54 | INFO    | COLLECTION CYCLE START — 2026-04-20T06:15:54.558482+00:00
2026-04-20 11:45:54 | INFO    | ============================================================
2026-04-20 11:45:54 | INFO    | Fetching CelesTrak GP catalog …
2026-04-20 11:45:59 | INFO    |   ✓ Saved D:\SUDARSHAN_SYSTEM\data\satellites_live_20260420T061554Z.json (190.1 KB)
2026-04-20 11:45:59 | INFO    |   → 353 satellites ingested.
2026-04-20 11:45:59 | INFO    | Fetching NOAA space-weather data …
2026-04-20 11:46:01 | INFO    |   ✓ Saved D:\SUDARSHAN_SYSTEM\data\noaa_planetary_k_index_1m_20260420T061554Z.json (39.6 KB)
2026-04-20 11:46:01 | INFO    |   ✓ Saved D:\SUDARSHAN_SYSTEM\data\noaa_solar_wind_plasma_1day_20260420T061554Z.json (114.4 KB)
2026-04-20 11:46:01 | INFO    |   ✓ Saved D:\SUDARSHAN_SYSTEM\data\noaa_solar_wind_mag_1day_20260420T061554Z.json (169.6 KB)
2026-04-20 11:46:01 | INFO    |   ✓ Saved D:\SUDARSHAN_SYSTEM\data\noaa_enlil_time_series_20260420T061554Z.json (1242.6 KB)
2026-04-20 11:46:01 | INFO    | ------------------------------------------------------------
2026-04-20 11:46:01 | INFO    | CYCLE DONE — 5/5 sources OK (7.3s elapsed)
2026-04-20 11:46:01 | INFO    | ------------------------------------------------------------
2026-04-20 11:46:01 | INFO    | 
[2/3] Executing Data Preprocessor (Merging & Physics Features)...
2026-04-20 11:46:01 | INFO    | ============================================================
2026-04-20 11:46:01 | INFO    | MERGE LIVE DATA — building enriched DataFrame
2026-04-20 11:46:01 | INFO    | ============================================================
2026-04-20 11:46:01 | INFO    |   Loaded 353 satellites from satellites_live_20260420T061554Z.json
2026-04-20 11:46:01 | INFO    |   Satellite columns: ['OBJECT_NAME', 'OBJECT_ID', 'EPOCH', 'MEAN_MOTION', 'ECCENTRICITY', 'INCLINATION', 'RA_OF_ASC_NODE', 'ARG_OF_PERICENTER', 'MEAN_ANOMALY', 'EPHEMERIS_TYPE', 'CLASSIFICATION_TYPE', 'NORAD_CAT_ID', 'ELEMENT_SET_NO', 'REV_AT_EPOCH', 'BSTAR', 'MEAN_MOTION_DOT', 'MEAN_MOTION_DDOT']
2026-04-20 11:46:01 | INFO    |   Engineering physics features ...
2026-04-20 11:46:01 | INFO    |   Kp index = 1.0  (time_tag: 2026-04-20T06:13:00)
2026-04-20 11:46:01 | INFO    |   Solar wind speed = 428.5 km/s
2026-04-20 11:46:01 | INFO    | ------------------------------------------------------------
2026-04-20 11:46:01 | INFO    |   Final DataFrame shape   : (353, 26)
2026-04-20 11:46:01 | INFO    |   Columns                 : ['object_name', 'object_id', 'epoch', 'mean_motion', 'eccentricity', 'inclination', 'raan', 'arg_pericenter', 'mean_anomaly', 'ephemeris_type', 'classification_type', 'norad_cat_id', 'element_set_no', 'rev_at_epoch', 'bstar', 'mean_motion_dot', 'mean_motion_ddot', 'epoch_dt', 'semi_major_axis_km', 'orbital_period_min', 'perigee_altitude_km', 'apogee_altitude_km', 'approx_velocity_kms', 'current_kp_index', 'solar_wind_speed_kms', 'timestamp']
2026-04-20 11:46:01 | INFO    |   Semi-major axis range   : 6658.6 - 41730.6 km
2026-04-20 11:46:01 | INFO    |   Perigee altitude range  : 161.5 - 1022.3 km
2026-04-20 11:46:01 | INFO    |   Approx velocity range   : 3.09 - 7.74 km/s
2026-04-20 11:46:01 | INFO    | ------------------------------------------------------------
2026-04-20 11:46:01 | INFO    | Parquet saved -> D:\SUDARSHAN_SYSTEM\data\processed_live_data.parquet
2026-04-20 11:46:01 | INFO    | Building Plotly dashboard ...
2026-04-20 11:46:03 | INFO    |   Dashboard saved -> D:\SUDARSHAN_SYSTEM\data\live_preview.html
2026-04-20 11:46:03 | INFO    | HTML saved -> D:\SUDARSHAN_SYSTEM\data\live_preview.html
2026-04-20 11:46:03 | INFO    | 
[3/3] Running SUDARSHAN ML Engine (MLP + Transformer + SHAP)...
2026-04-20 11:46:03 | INFO    | num_full_subsets = 3
2026-04-20 11:46:03 | INFO    | np.sum(w_aug) = 6.0
2026-04-20 11:46:03 | INFO    | np.sum(self.kernelWeights) = 1.0
2026-04-20 11:46:03 | INFO    | phi = array([-0.00229934,  0.00328105, -0.00095025,  0.00207536,  0.00504873,
        0.00179963])
2026-04-20 11:46:03 | INFO    | num_full_subsets = 3
2026-04-20 11:46:03 | INFO    | np.sum(w_aug) = 6.0
2026-04-20 11:46:03 | INFO    | np.sum(self.kernelWeights) = 1.0
2026-04-20 11:46:03 | INFO    | phi = array([-0.00229943,  0.00328052, -0.00095058,  0.00207381,  0.00504866,
        0.00179948])
2026-04-20 11:46:03 | INFO    | num_full_subsets = 3
2026-04-20 11:46:03 | INFO    | np.sum(w_aug) = 6.0
2026-04-20 11:46:03 | INFO    | np.sum(self.kernelWeights) = 1.0
2026-04-20 11:46:03 | INFO    | phi = array([-0.00229909,  0.00328297, -0.00095029,  0.00207685,  0.0050492 ,
        0.00179974])
2026-04-20 11:46:03 | INFO    | num_full_subsets = 3
2026-04-20 11:46:03 | INFO    | np.sum(w_aug) = 6.0
2026-04-20 11:46:03 | INFO    | np.sum(self.kernelWeights) = 1.0
2026-04-20 11:46:03 | INFO    | phi = array([-0.00230584,  0.00325336, -0.00097168,  0.00195953,  0.00504686,
        0.00178907])
2026-04-20 11:46:03 | INFO    | num_full_subsets = 3
2026-04-20 11:46:03 | INFO    | np.sum(w_aug) = 6.0
2026-04-20 11:46:03 | INFO    | np.sum(self.kernelWeights) = 1.0
2026-04-20 11:46:03 | INFO    | phi = array([-0.00288665,  0.00260198,  0.00910891, -0.00624494,  0.00495173,
        0.00215755])
2026-04-20 11:46:03 | INFO    | ================================================================================
2026-04-20 11:46:03 | INFO    | ✅ PROJECT SUDARSHAN FULL PIPELINE COMPLETE! Open data/sudarshan_risk_map.html
2026-04-20 11:46:03 | INFO    | ================================================================================
2026-04-20 11:47:33 | INFO    | ================================================================================
2026-04-20 11:47:33 | INFO    | 🚀 PROJECT SUDARSHAN FULL PIPELINE INIT - 2026-04-20T11:47:33.051619
2026-04-20 11:47:33 | INFO    | ================================================================================
2026-04-20 11:47:33 | INFO    | 
[1/3] Refreshing Live Satellite & Space Weather Data...
2026-04-20 11:47:33 | INFO    | Data directory ready → D:\SUDARSHAN_SYSTEM\data
2026-04-20 11:47:33 | INFO    | ============================================================
2026-04-20 11:47:33 | INFO    | COLLECTION CYCLE START — 2026-04-20T06:17:33.051619+00:00
2026-04-20 11:47:33 | INFO    | ============================================================
2026-04-20 11:47:33 | INFO    | Fetching CelesTrak GP catalog …
2026-04-20 11:47:35 | INFO    |   ✓ Saved D:\SUDARSHAN_SYSTEM\data\satellites_live_20260420T061733Z.json (190.1 KB)
2026-04-20 11:47:35 | INFO    |   → 353 satellites ingested.
2026-04-20 11:47:35 | INFO    | Fetching NOAA space-weather data …
2026-04-20 11:47:43 | INFO    |   ✓ Saved D:\SUDARSHAN_SYSTEM\data\noaa_planetary_k_index_1m_20260420T061733Z.json (39.6 KB)
2026-04-20 11:47:43 | INFO    |   ✓ Saved D:\SUDARSHAN_SYSTEM\data\noaa_solar_wind_plasma_1day_20260420T061733Z.json (114.4 KB)
2026-04-20 11:47:43 | INFO    |   ✓ Saved D:\SUDARSHAN_SYSTEM\data\noaa_solar_wind_mag_1day_20260420T061733Z.json (169.5 KB)
2026-04-20 11:47:43 | INFO    |   ✓ Saved D:\SUDARSHAN_SYSTEM\data\noaa_enlil_time_series_20260420T061733Z.json (1242.6 KB)
2026-04-20 11:47:43 | INFO    | ------------------------------------------------------------
2026-04-20 11:47:43 | INFO    | CYCLE DONE — 5/5 sources OK (10.9s elapsed)
2026-04-20 11:47:43 | INFO    | ------------------------------------------------------------
2026-04-20 11:47:43 | INFO    | 
[2/3] Executing Data Preprocessor (Merging & Physics Features)...
2026-04-20 11:47:43 | INFO    | ============================================================
2026-04-20 11:47:43 | INFO    | MERGE LIVE DATA — building enriched DataFrame
2026-04-20 11:47:43 | INFO    | ============================================================
2026-04-20 11:47:43 | INFO    |   Loaded 353 satellites from satellites_live_20260420T061733Z.json
2026-04-20 11:47:43 | INFO    |   Satellite columns: ['OBJECT_NAME', 'OBJECT_ID', 'EPOCH', 'MEAN_MOTION', 'ECCENTRICITY', 'INCLINATION', 'RA_OF_ASC_NODE', 'ARG_OF_PERICENTER', 'MEAN_ANOMALY', 'EPHEMERIS_TYPE', 'CLASSIFICATION_TYPE', 'NORAD_CAT_ID', 'ELEMENT_SET_NO', 'REV_AT_EPOCH', 'BSTAR', 'MEAN_MOTION_DOT', 'MEAN_MOTION_DDOT']
2026-04-20 11:47:43 | INFO    |   Engineering physics features ...
2026-04-20 11:47:43 | INFO    |   Kp index = 1.0  (time_tag: 2026-04-20T06:13:00)
2026-04-20 11:47:43 | INFO    |   Solar wind speed = 447.0 km/s
2026-04-20 11:47:43 | INFO    | ------------------------------------------------------------
2026-04-20 11:47:43 | INFO    |   Final DataFrame shape   : (353, 26)
2026-04-20 11:47:43 | INFO    |   Columns                 : ['object_name', 'object_id', 'epoch', 'mean_motion', 'eccentricity', 'inclination', 'raan', 'arg_pericenter', 'mean_anomaly', 'ephemeris_type', 'classification_type', 'norad_cat_id', 'element_set_no', 'rev_at_epoch', 'bstar', 'mean_motion_dot', 'mean_motion_ddot', 'epoch_dt', 'semi_major_axis_km', 'orbital_period_min', 'perigee_altitude_km', 'apogee_altitude_km', 'approx_velocity_kms', 'current_kp_index', 'solar_wind_speed_kms', 'timestamp']
2026-04-20 11:47:43 | INFO    |   Semi-major axis range   : 6658.6 - 41730.6 km
2026-04-20 11:47:43 | INFO    |   Perigee altitude range  : 161.5 - 1022.3 km
2026-04-20 11:47:43 | INFO    |   Approx velocity range   : 3.09 - 7.74 km/s
2026-04-20 11:47:43 | INFO    | ------------------------------------------------------------
2026-04-20 11:47:44 | INFO    | Parquet saved -> D:\SUDARSHAN_SYSTEM\data\processed_live_data.parquet
2026-04-20 11:47:44 | INFO    | Building Plotly dashboard ...
2026-04-20 11:47:45 | INFO    |   Dashboard saved -> D:\SUDARSHAN_SYSTEM\data\live_preview.html
2026-04-20 11:47:45 | INFO    | HTML saved -> D:\SUDARSHAN_SYSTEM\data\live_preview.html
2026-04-20 11:47:45 | INFO    | 
[3/3] Running SUDARSHAN ML Engine (MLP + Transformer + SHAP)...
2026-04-20 11:47:45 | INFO    | num_full_subsets = 3
2026-04-20 11:47:45 | INFO    | np.sum(w_aug) = np.float64(6.0)
2026-04-20 11:47:45 | INFO    | np.sum(self.kernelWeights) = np.float64(1.0)
2026-04-20 11:47:45 | INFO    | phi = array([-0.00229935,  0.00328105, -0.00095025,  0.00207536,  0.00504873,
        0.00179963])
2026-04-20 11:47:45 | INFO    | num_full_subsets = 3
2026-04-20 11:47:45 | INFO    | np.sum(w_aug) = np.float64(6.0)
2026-04-20 11:47:45 | INFO    | np.sum(self.kernelWeights) = np.float64(1.0)
2026-04-20 11:47:45 | INFO    | phi = array([-0.00229943,  0.00328052, -0.00095058,  0.00207381,  0.00504866,
        0.00179948])
2026-04-20 11:47:45 | INFO    | num_full_subsets = 3
2026-04-20 11:47:45 | INFO    | np.sum(w_aug) = np.float64(6.0)
2026-04-20 11:47:45 | INFO    | np.sum(self.kernelWeights) = np.float64(1.0)
2026-04-20 11:47:45 | INFO    | phi = array([-0.00229909,  0.00328298, -0.00095028,  0.00207686,  0.00504921,
        0.00179975])
2026-04-20 11:47:45 | INFO    | num_full_subsets = 3
2026-04-20 11:47:45 | INFO    | np.sum(w_aug) = np.float64(6.0)
2026-04-20 11:47:45 | INFO    | np.sum(self.kernelWeights) = np.float64(1.0)
2026-04-20 11:47:45 | INFO    | phi = array([-0.00230584,  0.00325336, -0.00097168,  0.00195953,  0.00504686,
        0.00178907])
2026-04-20 11:47:45 | INFO    | num_full_subsets = 3
2026-04-20 11:47:45 | INFO    | np.sum(w_aug) = np.float64(6.0)
2026-04-20 11:47:45 | INFO    | np.sum(self.kernelWeights) = np.float64(1.0)
2026-04-20 11:47:45 | INFO    | phi = array([-0.00288665,  0.00260198,  0.00910891, -0.00624494,  0.00495173,
        0.00215755])
2026-04-20 11:47:45 | INFO    | ================================================================================
2026-04-20 11:47:45 | INFO    | ✅ PROJECT SUDARSHAN FULL PIPELINE COMPLETE! Open data/sudarshan_risk_map.html
2026-04-20 11:47:45 | INFO    | ================================================================================
2026-04-20 11:52:38 | INFO    | ================================================================================
2026-04-20 11:52:38 | INFO    | 🚀 PROJECT SUDARSHAN FULL PIPELINE INIT - 2026-04-20T11:52:38.008903
2026-04-20 11:52:38 | INFO    | ================================================================================
2026-04-20 11:52:38 | INFO    | 
[1/3] Refreshing Live Satellite & Space Weather Data...
2026-04-20 11:52:38 | INFO    | Data directory ready → D:\SUDARSHAN_SYSTEM\data
2026-04-20 11:52:38 | INFO    | ============================================================
2026-04-20 11:52:38 | INFO    | COLLECTION CYCLE START — 2026-04-20T06:22:38.009912+00:00
2026-04-20 11:52:38 | INFO    | ============================================================
2026-04-20 11:52:38 | INFO    | Fetching CelesTrak GP catalog …
2026-04-20 11:52:40 | INFO    |   ✓ Saved D:\SUDARSHAN_SYSTEM\data\satellites_live_20260420T062238Z.json (190.1 KB)
2026-04-20 11:52:40 | INFO    |   → 353 satellites ingested.
2026-04-20 11:52:40 | INFO    | Fetching NOAA space-weather data …
2026-04-20 11:52:43 | INFO    |   ✓ Saved D:\SUDARSHAN_SYSTEM\data\noaa_planetary_k_index_1m_20260420T062238Z.json (39.6 KB)
2026-04-20 11:52:44 | INFO    |   ✓ Saved D:\SUDARSHAN_SYSTEM\data\noaa_solar_wind_plasma_1day_20260420T062238Z.json (114.5 KB)
2026-04-20 11:52:45 | INFO    |   ✓ Saved D:\SUDARSHAN_SYSTEM\data\noaa_solar_wind_mag_1day_20260420T062238Z.json (169.6 KB)
2026-04-20 11:52:47 | INFO    |   ✓ Saved D:\SUDARSHAN_SYSTEM\data\noaa_enlil_time_series_20260420T062238Z.json (1242.6 KB)
2026-04-20 11:52:47 | INFO    | ------------------------------------------------------------
2026-04-20 11:52:47 | INFO    | CYCLE DONE — 5/5 sources OK (9.5s elapsed)
2026-04-20 11:52:47 | INFO    | ------------------------------------------------------------
2026-04-20 11:52:47 | INFO    | 
[2/3] Executing Data Preprocessor (Merging & Physics Features)...
2026-04-20 11:52:47 | INFO    | ============================================================
2026-04-20 11:52:47 | INFO    | MERGE LIVE DATA — building enriched DataFrame
2026-04-20 11:52:47 | INFO    | ============================================================
2026-04-20 11:52:47 | INFO    |   Loaded 353 satellites from satellites_live_20260420T062238Z.json
2026-04-20 11:52:47 | INFO    |   Satellite columns: ['OBJECT_NAME', 'OBJECT_ID', 'EPOCH', 'MEAN_MOTION', 'ECCENTRICITY', 'INCLINATION', 'RA_OF_ASC_NODE', 'ARG_OF_PERICENTER', 'MEAN_ANOMALY', 'EPHEMERIS_TYPE', 'CLASSIFICATION_TYPE', 'NORAD_CAT_ID', 'ELEMENT_SET_NO', 'REV_AT_EPOCH', 'BSTAR', 'MEAN_MOTION_DOT', 'MEAN_MOTION_DDOT']
2026-04-20 11:52:47 | INFO    |   Engineering physics features ...
2026-04-20 11:52:47 | INFO    |   Kp index = 1.0  (time_tag: 2026-04-20T06:19:00)
2026-04-20 11:52:47 | INFO    |   Solar wind speed = 437.1 km/s
2026-04-20 11:52:47 | INFO    | ------------------------------------------------------------
2026-04-20 11:52:47 | INFO    |   Final DataFrame shape   : (353, 26)
2026-04-20 11:52:47 | INFO    |   Columns                 : ['object_name', 'object_id', 'epoch', 'mean_motion', 'eccentricity', 'inclination', 'raan', 'arg_pericenter', 'mean_anomaly', 'ephemeris_type', 'classification_type', 'norad_cat_id', 'element_set_no', 'rev_at_epoch', 'bstar', 'mean_motion_dot', 'mean_motion_ddot', 'epoch_dt', 'semi_major_axis_km', 'orbital_period_min', 'perigee_altitude_km', 'apogee_altitude_km', 'approx_velocity_kms', 'current_kp_index', 'solar_wind_speed_kms', 'timestamp']
2026-04-20 11:52:47 | INFO    |   Semi-major axis range   : 6658.6 - 41730.6 km
2026-04-20 11:52:47 | INFO    |   Perigee altitude range  : 161.5 - 1022.3 km
2026-04-20 11:52:47 | INFO    |   Approx velocity range   : 3.09 - 7.74 km/s
2026-04-20 11:52:47 | INFO    | ------------------------------------------------------------
2026-04-20 11:52:47 | INFO    | Parquet saved -> D:\SUDARSHAN_SYSTEM\data\processed_live_data.parquet
2026-04-20 11:52:47 | INFO    | Building Plotly dashboard ...
2026-04-20 11:52:48 | INFO    |   Dashboard saved -> D:\SUDARSHAN_SYSTEM\data\live_preview.html
2026-04-20 11:52:48 | INFO    | HTML saved -> D:\SUDARSHAN_SYSTEM\data\live_preview.html
2026-04-20 11:52:48 | INFO    | 
[3/3] Running SUDARSHAN ML Engine (MLP + Transformer + SHAP)...
2026-04-20 11:52:48 | INFO    | num_full_subsets = 3
2026-04-20 11:52:48 | INFO    | np.sum(w_aug) = np.float64(6.0)
2026-04-20 11:52:48 | INFO    | np.sum(self.kernelWeights) = np.float64(1.0)
2026-04-20 11:52:48 | INFO    | phi = array([-0.00199662,  0.00327596,  0.00131532,  0.00371032,  0.00519521,
        0.00028881])
2026-04-20 11:52:48 | INFO    | num_full_subsets = 3
2026-04-20 11:52:48 | INFO    | np.sum(w_aug) = np.float64(6.0)
2026-04-20 11:52:48 | INFO    | np.sum(self.kernelWeights) = np.float64(1.0)
2026-04-20 11:52:48 | INFO    | phi = array([-0.0019968 ,  0.00327484,  0.00131494,  0.00371009,  0.00519507,
        0.00028907])
2026-04-20 11:52:48 | INFO    | num_full_subsets = 3
2026-04-20 11:52:48 | INFO    | np.sum(w_aug) = np.float64(6.0)
2026-04-20 11:52:48 | INFO    | np.sum(self.kernelWeights) = np.float64(1.0)
2026-04-20 11:52:48 | INFO    | phi = array([-0.00199575,  0.0032797 ,  0.00131585,  0.00371035,  0.00519593,
        0.00028739])
2026-04-20 11:52:48 | INFO    | num_full_subsets = 3
2026-04-20 11:52:48 | INFO    | np.sum(w_aug) = np.float64(6.0)
2026-04-20 11:52:48 | INFO    | np.sum(self.kernelWeights) = np.float64(1.0)
2026-04-20 11:52:48 | INFO    | phi = array([-0.00200203,  0.00322479,  0.00130708,  0.00369391,  0.00519121,
        0.0002919 ])
2026-04-20 11:52:48 | INFO    | num_full_subsets = 3
2026-04-20 11:52:48 | INFO    | np.sum(w_aug) = np.float64(6.0)
2026-04-20 11:52:48 | INFO    | np.sum(self.kernelWeights) = np.float64(1.0)
2026-04-20 11:52:48 | INFO    | phi = array([-0.00273805,  0.00178723,  0.00713185, -0.00140745,  0.00495984,
        0.00112986])
2026-04-20 11:52:48 | INFO    | ================================================================================
2026-04-20 11:52:48 | INFO    | ✅ PROJECT SUDARSHAN FULL PIPELINE COMPLETE! Open data/sudarshan_risk_map.html
2026-04-20 11:52:48 | INFO    | ================================================================================
2026-04-20 12:09:28 | INFO    | ================================================================================
2026-04-20 12:09:28 | INFO    | 🚀 PROJECT SUDARSHAN FULL PIPELINE INIT - 2026-04-20T12:09:28.397653
2026-04-20 12:09:28 | INFO    | ================================================================================
2026-04-20 12:09:28 | INFO    | 
[1/3] Refreshing Live Satellite & Space Weather Data...
2026-04-20 12:09:28 | INFO    | Data directory ready → D:\SUDARSHAN_SYSTEM\data
2026-04-20 12:09:28 | INFO    | ============================================================
2026-04-20 12:09:28 | INFO    | COLLECTION CYCLE START — 2026-04-20T06:39:28.398661+00:00
2026-04-20 12:09:28 | INFO    | ============================================================
2026-04-20 12:09:28 | INFO    | Fetching CelesTrak GP catalog …
2026-04-20 12:09:30 | INFO    |   ✓ Saved D:\SUDARSHAN_SYSTEM\data\satellites_live_20260420T063928Z.json (190.1 KB)
2026-04-20 12:09:30 | INFO    |   → 353 satellites ingested.
2026-04-20 12:09:30 | INFO    | Fetching NOAA space-weather data …
2026-04-20 12:09:33 | INFO    |   ✓ Saved D:\SUDARSHAN_SYSTEM\data\noaa_planetary_k_index_1m_20260420T063928Z.json (39.6 KB)
2026-04-20 12:09:35 | INFO    |   ✓ Saved D:\SUDARSHAN_SYSTEM\data\noaa_solar_wind_plasma_1day_20260420T063928Z.json (114.6 KB)
2026-04-20 12:09:37 | INFO    |   ✓ Saved D:\SUDARSHAN_SYSTEM\data\noaa_solar_wind_mag_1day_20260420T063928Z.json (169.7 KB)
2026-04-20 12:09:39 | INFO    |   ✓ Saved D:\SUDARSHAN_SYSTEM\data\noaa_enlil_time_series_20260420T063928Z.json (1242.6 KB)
2026-04-20 12:09:39 | INFO    | ------------------------------------------------------------
2026-04-20 12:09:39 | INFO    | CYCLE DONE — 5/5 sources OK (11.0s elapsed)
2026-04-20 12:09:39 | INFO    | ------------------------------------------------------------
2026-04-20 12:09:39 | INFO    | 
[2/3] Executing Data Preprocessor (Merging & Physics Features)...
2026-04-20 12:09:39 | INFO    | ============================================================
2026-04-20 12:09:39 | INFO    | MERGE LIVE DATA — building enriched DataFrame
2026-04-20 12:09:39 | INFO    | ============================================================
2026-04-20 12:09:39 | INFO    |   Loaded 353 satellites from satellites_live_20260420T063928Z.json
2026-04-20 12:09:39 | INFO    |   Satellite columns: ['OBJECT_NAME', 'OBJECT_ID', 'EPOCH', 'MEAN_MOTION', 'ECCENTRICITY', 'INCLINATION', 'RA_OF_ASC_NODE', 'ARG_OF_PERICENTER', 'MEAN_ANOMALY', 'EPHEMERIS_TYPE', 'CLASSIFICATION_TYPE', 'NORAD_CAT_ID', 'ELEMENT_SET_NO', 'REV_AT_EPOCH', 'BSTAR', 'MEAN_MOTION_DOT', 'MEAN_MOTION_DDOT']
2026-04-20 12:09:39 | INFO    |   Engineering physics features ...
2026-04-20 12:09:39 | INFO    |   Kp index = 1.0  (time_tag: 2026-04-20T06:37:00)
2026-04-20 12:09:39 | INFO    |   Solar wind speed = 447.7 km/s
2026-04-20 12:09:39 | INFO    | ------------------------------------------------------------
2026-04-20 12:09:39 | INFO    |   Final DataFrame shape   : (353, 26)
2026-04-20 12:09:39 | INFO    |   Columns                 : ['object_name', 'object_id', 'epoch', 'mean_motion', 'eccentricity', 'inclination', 'raan', 'arg_pericenter', 'mean_anomaly', 'ephemeris_type', 'classification_type', 'norad_cat_id', 'element_set_no', 'rev_at_epoch', 'bstar', 'mean_motion_dot', 'mean_motion_ddot', 'epoch_dt', 'semi_major_axis_km', 'orbital_period_min', 'perigee_altitude_km', 'apogee_altitude_km', 'approx_velocity_kms', 'current_kp_index', 'solar_wind_speed_kms', 'timestamp']
2026-04-20 12:09:39 | INFO    |   Semi-major axis range   : 6658.6 - 41730.6 km
2026-04-20 12:09:39 | INFO    |   Perigee altitude range  : 161.5 - 1022.3 km
2026-04-20 12:09:39 | INFO    |   Approx velocity range   : 3.09 - 7.74 km/s
2026-04-20 12:09:39 | INFO    | ------------------------------------------------------------
2026-04-20 12:09:39 | INFO    | Parquet saved -> D:\SUDARSHAN_SYSTEM\data\processed_live_data.parquet
2026-04-20 12:09:39 | INFO    | Building Plotly dashboard ...
2026-04-20 12:09:40 | INFO    |   Dashboard saved -> D:\SUDARSHAN_SYSTEM\data\live_preview.html
2026-04-20 12:09:40 | INFO    | HTML saved -> D:\SUDARSHAN_SYSTEM\data\live_preview.html
2026-04-20 12:09:40 | INFO    | 
[3/3] Running SUDARSHAN ML Engine (MLP + Transformer + SHAP)...
2026-04-20 12:09:40 | INFO    | num_full_subsets = 3
2026-04-20 12:09:40 | INFO    | np.sum(w_aug) = np.float64(6.0)
2026-04-20 12:09:40 | INFO    | np.sum(self.kernelWeights) = np.float64(1.0)
2026-04-20 12:09:40 | INFO    | phi = array([-0.00229935,  0.00328105, -0.00095025,  0.00207536,  0.00504873,
        0.00179963])
2026-04-20 12:09:40 | INFO    | num_full_subsets = 3
2026-04-20 12:09:40 | INFO    | np.sum(w_aug) = np.float64(6.0)
2026-04-20 12:09:40 | INFO    | np.sum(self.kernelWeights) = np.float64(1.0)
2026-04-20 12:09:40 | INFO    | phi = array([-0.00229943,  0.00328052, -0.00095058,  0.00207381,  0.00504866,
        0.00179948])
2026-04-20 12:09:40 | INFO    | num_full_subsets = 3
2026-04-20 12:09:40 | INFO    | np.sum(w_aug) = np.float64(6.0)
2026-04-20 12:09:40 | INFO    | np.sum(self.kernelWeights) = np.float64(1.0)
2026-04-20 12:09:40 | INFO    | phi = array([-0.00229909,  0.00328298, -0.00095028,  0.00207686,  0.00504921,
        0.00179975])
2026-04-20 12:09:40 | INFO    | num_full_subsets = 3
2026-04-20 12:09:40 | INFO    | np.sum(w_aug) = np.float64(6.0)
2026-04-20 12:09:40 | INFO    | np.sum(self.kernelWeights) = np.float64(1.0)
2026-04-20 12:09:40 | INFO    | phi = array([-0.00230584,  0.00325336, -0.00097168,  0.00195953,  0.00504686,
        0.00178907])
2026-04-20 12:09:40 | INFO    | num_full_subsets = 3
2026-04-20 12:09:40 | INFO    | np.sum(w_aug) = np.float64(6.0)
2026-04-20 12:09:40 | INFO    | np.sum(self.kernelWeights) = np.float64(1.0)
2026-04-20 12:09:40 | INFO    | phi = array([-0.00288665,  0.00260198,  0.00910891, -0.00624494,  0.00495173,
        0.00215755])
2026-04-20 12:09:40 | INFO    | ================================================================================
2026-04-20 12:09:40 | INFO    | ✅ PROJECT SUDARSHAN FULL PIPELINE COMPLETE! Open data/sudarshan_risk_map.html
2026-04-20 12:09:40 | INFO    | ================================================================================
2026-04-20 12:12:31 | INFO    | ================================================================================
2026-04-20 12:12:31 | INFO    | 🚀 PROJECT SUDARSHAN FULL PIPELINE INIT - 2026-04-20T12:12:31.504934
2026-04-20 12:12:31 | INFO    | ================================================================================
2026-04-20 12:12:31 | INFO    | 
[1/3] Refreshing Live Satellite & Space Weather Data...
2026-04-20 12:12:31 | INFO    | Data directory ready → D:\SUDARSHAN_SYSTEM\data
2026-04-20 12:12:31 | INFO    | ============================================================
2026-04-20 12:12:31 | INFO    | COLLECTION CYCLE START — 2026-04-20T06:42:31.506452+00:00
2026-04-20 12:12:31 | INFO    | ============================================================
2026-04-20 12:12:31 | INFO    | Fetching CelesTrak GP catalog …
2026-04-20 12:12:33 | INFO    |   ✓ Saved D:\SUDARSHAN_SYSTEM\data\satellites_live_20260420T064231Z.json (190.1 KB)
2026-04-20 12:12:33 | INFO    |   → 353 satellites ingested.
2026-04-20 12:12:33 | INFO    | Fetching NOAA space-weather data …
2026-04-20 12:12:35 | INFO    |   ✓ Saved D:\SUDARSHAN_SYSTEM\data\noaa_planetary_k_index_1m_20260420T064231Z.json (39.6 KB)
2026-04-20 12:12:35 | INFO    |   ✓ Saved D:\SUDARSHAN_SYSTEM\data\noaa_solar_wind_plasma_1day_20260420T064231Z.json (114.6 KB)
2026-04-20 12:12:35 | INFO    |   ✓ Saved D:\SUDARSHAN_SYSTEM\data\noaa_solar_wind_mag_1day_20260420T064231Z.json (169.7 KB)
2026-04-20 12:12:35 | INFO    |   ✓ Saved D:\SUDARSHAN_SYSTEM\data\noaa_enlil_time_series_20260420T064231Z.json (1242.6 KB)
2026-04-20 12:12:35 | INFO    | ------------------------------------------------------------
2026-04-20 12:12:35 | INFO    | CYCLE DONE — 5/5 sources OK (4.5s elapsed)
2026-04-20 12:12:35 | INFO    | ------------------------------------------------------------
2026-04-20 12:12:35 | INFO    | 
[2/3] Executing Data Preprocessor (Merging & Physics Features)...
2026-04-20 12:12:35 | INFO    | ============================================================
2026-04-20 12:12:35 | INFO    | MERGE LIVE DATA — building enriched DataFrame
2026-04-20 12:12:35 | INFO    | ============================================================
2026-04-20 12:12:35 | INFO    |   Loaded 353 satellites from satellites_live_20260420T064231Z.json
2026-04-20 12:12:35 | INFO    |   Satellite columns: ['OBJECT_NAME', 'OBJECT_ID', 'EPOCH', 'MEAN_MOTION', 'ECCENTRICITY', 'INCLINATION', 'RA_OF_ASC_NODE', 'ARG_OF_PERICENTER', 'MEAN_ANOMALY', 'EPHEMERIS_TYPE', 'CLASSIFICATION_TYPE', 'NORAD_CAT_ID', 'ELEMENT_SET_NO', 'REV_AT_EPOCH', 'BSTAR', 'MEAN_MOTION_DOT', 'MEAN_MOTION_DDOT']
2026-04-20 12:12:35 | INFO    |   Engineering physics features ...
2026-04-20 12:12:35 | INFO    |   Kp index = 1.0  (time_tag: 2026-04-20T06:39:00)
2026-04-20 12:12:36 | INFO    |   Solar wind speed = 432.1 km/s
2026-04-20 12:12:36 | INFO    | ------------------------------------------------------------
2026-04-20 12:12:36 | INFO    |   Final DataFrame shape   : (353, 26)
2026-04-20 12:12:36 | INFO    |   Columns                 : ['object_name', 'object_id', 'epoch', 'mean_motion', 'eccentricity', 'inclination', 'raan', 'arg_pericenter', 'mean_anomaly', 'ephemeris_type', 'classification_type', 'norad_cat_id', 'element_set_no', 'rev_at_epoch', 'bstar', 'mean_motion_dot', 'mean_motion_ddot', 'epoch_dt', 'semi_major_axis_km', 'orbital_period_min', 'perigee_altitude_km', 'apogee_altitude_km', 'approx_velocity_kms', 'current_kp_index', 'solar_wind_speed_kms', 'timestamp']
2026-04-20 12:12:36 | INFO    |   Semi-major axis range   : 6658.6 - 41730.6 km
2026-04-20 12:12:36 | INFO    |   Perigee altitude range  : 161.5 - 1022.3 km
2026-04-20 12:12:36 | INFO    |   Approx velocity range   : 3.09 - 7.74 km/s
2026-04-20 12:12:36 | INFO    | ------------------------------------------------------------
2026-04-20 12:12:36 | INFO    | Parquet saved -> D:\SUDARSHAN_SYSTEM\data\processed_live_data.parquet
2026-04-20 12:12:36 | INFO    | Building Plotly dashboard ...
2026-04-20 12:12:37 | INFO    |   Dashboard saved -> D:\SUDARSHAN_SYSTEM\data\live_preview.html
2026-04-20 12:12:37 | INFO    | HTML saved -> D:\SUDARSHAN_SYSTEM\data\live_preview.html
2026-04-20 12:12:37 | INFO    | 
[3/3] Running SUDARSHAN ML Engine (MLP + Transformer + SHAP)...
2026-04-20 12:12:37 | INFO    | num_full_subsets = 3
2026-04-20 12:12:37 | INFO    | np.sum(w_aug) = 6.0
2026-04-20 12:12:37 | INFO    | np.sum(self.kernelWeights) = 1.0
2026-04-20 12:12:37 | INFO    | phi = array([-0.00199662,  0.00327596,  0.00131532,  0.00371032,  0.00519521,
        0.00028881])
2026-04-20 12:12:37 | INFO    | num_full_subsets = 3
2026-04-20 12:12:37 | INFO    | np.sum(w_aug) = 6.0
2026-04-20 12:12:37 | INFO    | np.sum(self.kernelWeights) = 1.0
2026-04-20 12:12:37 | INFO    | phi = array([-0.0019968 ,  0.00327484,  0.00131494,  0.00371009,  0.00519507,
        0.00028907])
2026-04-20 12:12:37 | INFO    | num_full_subsets = 3
2026-04-20 12:12:37 | INFO    | np.sum(w_aug) = 6.0
2026-04-20 12:12:37 | INFO    | np.sum(self.kernelWeights) = 1.0
2026-04-20 12:12:37 | INFO    | phi = array([-0.00199575,  0.0032797 ,  0.00131585,  0.00371035,  0.00519593,
        0.00028739])
2026-04-20 12:12:37 | INFO    | num_full_subsets = 3
2026-04-20 12:12:37 | INFO    | np.sum(w_aug) = 6.0
2026-04-20 12:12:37 | INFO    | np.sum(self.kernelWeights) = 1.0
2026-04-20 12:12:37 | INFO    | phi = array([-0.00200203,  0.00322479,  0.00130708,  0.00369391,  0.00519121,
        0.0002919 ])
2026-04-20 12:12:37 | INFO    | num_full_subsets = 3
2026-04-20 12:12:37 | INFO    | np.sum(w_aug) = 6.0
2026-04-20 12:12:37 | INFO    | np.sum(self.kernelWeights) = 1.0
2026-04-20 12:12:37 | INFO    | phi = array([-0.00273805,  0.00178723,  0.00713185, -0.00140745,  0.00495984,
        0.00112986])
2026-04-20 12:12:37 | INFO    | ================================================================================
2026-04-20 12:12:37 | INFO    | ✅ PROJECT SUDARSHAN FULL PIPELINE COMPLETE! Open data/sudarshan_risk_map.html
2026-04-20 12:12:37 | INFO    | ================================================================================
2026-04-20 17:02:59 | INFO    | ================================================================================
2026-04-20 17:02:59 | INFO    | 🚀 PROJECT SUDARSHAN FULL PIPELINE INIT - 2026-04-20T17:02:59.960334
2026-04-20 17:02:59 | INFO    | ================================================================================
2026-04-20 17:02:59 | INFO    | 
[1/3] Refreshing Live Satellite & Space Weather Data...
2026-04-20 17:02:59 | INFO    | Data directory ready → D:\SUDARSHAN_SYSTEM\data
2026-04-20 17:02:59 | INFO    | ============================================================
2026-04-20 17:02:59 | INFO    | COLLECTION CYCLE START — 2026-04-20T11:32:59.961438+00:00
2026-04-20 17:02:59 | INFO    | ============================================================
2026-04-20 17:02:59 | INFO    | Fetching CelesTrak GP catalog …
2026-04-20 17:03:03 | INFO    |   ✓ Saved D:\SUDARSHAN_SYSTEM\data\satellites_live_20260420T113259Z.json (189.8 KB)
2026-04-20 17:03:03 | INFO    |   → 353 satellites ingested.
2026-04-20 17:03:03 | INFO    | Fetching NOAA space-weather data …
2026-04-20 17:03:06 | INFO    |   ✓ Saved D:\SUDARSHAN_SYSTEM\data\noaa_planetary_k_index_1m_20260420T113259Z.json (39.7 KB)
2026-04-20 17:03:06 | INFO    |   ✓ Saved D:\SUDARSHAN_SYSTEM\data\noaa_solar_wind_plasma_1day_20260420T113259Z.json (114.0 KB)
2026-04-20 17:03:06 | INFO    |   ✓ Saved D:\SUDARSHAN_SYSTEM\data\noaa_solar_wind_mag_1day_20260420T113259Z.json (169.8 KB)
2026-04-20 17:03:07 | INFO    |   ✓ Saved D:\SUDARSHAN_SYSTEM\data\noaa_enlil_time_series_20260420T113259Z.json (1242.6 KB)
2026-04-20 17:03:07 | INFO    | ------------------------------------------------------------
2026-04-20 17:03:07 | INFO    | CYCLE DONE — 5/5 sources OK (7.2s elapsed)
2026-04-20 17:03:07 | INFO    | ------------------------------------------------------------
2026-04-20 17:03:07 | INFO    | 
[2/3] Executing Data Preprocessor (Merging & Physics Features)...
2026-04-20 17:03:07 | INFO    | ============================================================
2026-04-20 17:03:07 | INFO    | MERGE LIVE DATA — building enriched DataFrame
2026-04-20 17:03:07 | INFO    | ============================================================
2026-04-20 17:03:07 | INFO    |   Loaded 353 satellites from satellites_live_20260420T113259Z.json
2026-04-20 17:03:07 | INFO    |   Satellite columns: ['OBJECT_NAME', 'OBJECT_ID', 'EPOCH', 'MEAN_MOTION', 'ECCENTRICITY', 'INCLINATION', 'RA_OF_ASC_NODE', 'ARG_OF_PERICENTER', 'MEAN_ANOMALY', 'EPHEMERIS_TYPE', 'CLASSIFICATION_TYPE', 'NORAD_CAT_ID', 'ELEMENT_SET_NO', 'REV_AT_EPOCH', 'BSTAR', 'MEAN_MOTION_DOT', 'MEAN_MOTION_DDOT']
2026-04-20 17:03:07 | INFO    |   Engineering physics features ...
2026-04-20 17:03:07 | INFO    |   Kp index = 4.0  (time_tag: 2026-04-20T11:30:00)
2026-04-20 17:03:07 | INFO    |   Solar wind speed = 494.7 km/s
2026-04-20 17:03:07 | INFO    | ------------------------------------------------------------
2026-04-20 17:03:07 | INFO    |   Final DataFrame shape   : (353, 26)
2026-04-20 17:03:07 | INFO    |   Columns                 : ['object_name', 'object_id', 'epoch', 'mean_motion', 'eccentricity', 'inclination', 'raan', 'arg_pericenter', 'mean_anomaly', 'ephemeris_type', 'classification_type', 'norad_cat_id', 'element_set_no', 'rev_at_epoch', 'bstar', 'mean_motion_dot', 'mean_motion_ddot', 'epoch_dt', 'semi_major_axis_km', 'orbital_period_min', 'perigee_altitude_km', 'apogee_altitude_km', 'approx_velocity_kms', 'current_kp_index', 'solar_wind_speed_kms', 'timestamp']
2026-04-20 17:03:07 | INFO    |   Semi-major axis range   : 6658.6 - 41730.6 km
2026-04-20 17:03:07 | INFO    |   Perigee altitude range  : 161.5 - 1022.3 km
2026-04-20 17:03:07 | INFO    |   Approx velocity range   : 3.09 - 7.74 km/s
2026-04-20 17:03:07 | INFO    | ------------------------------------------------------------
2026-04-20 17:03:07 | INFO    | Parquet saved -> D:\SUDARSHAN_SYSTEM\data\processed_live_data.parquet
2026-04-20 17:03:07 | INFO    | Building Plotly dashboard ...
2026-04-20 17:03:08 | INFO    |   Dashboard saved -> D:\SUDARSHAN_SYSTEM\data\live_preview.html
2026-04-20 17:03:08 | INFO    | HTML saved -> D:\SUDARSHAN_SYSTEM\data\live_preview.html
2026-04-20 17:03:08 | INFO    | 
[3/3] Running SUDARSHAN ML Engine (MLP + Transformer + SHAP)...
2026-04-20 17:03:09 | INFO    | num_full_subsets = 3
2026-04-20 17:03:09 | INFO    | np.sum(w_aug) = np.float64(6.0)
2026-04-20 17:03:09 | INFO    | np.sum(self.kernelWeights) = np.float64(1.0)
2026-04-20 17:03:09 | INFO    | phi = array([-0.00229981,  0.00328118, -0.0009529 ,  0.00206987,  0.00504912,
        0.00179865])
2026-04-20 17:03:09 | INFO    | num_full_subsets = 3
2026-04-20 17:03:09 | INFO    | np.sum(w_aug) = np.float64(6.0)
2026-04-20 17:03:09 | INFO    | np.sum(self.kernelWeights) = np.float64(1.0)
2026-04-20 17:03:09 | INFO    | phi = array([-0.0022999 ,  0.00328063, -0.00095323,  0.00206831,  0.00504902,
        0.0017985 ])
2026-04-20 17:03:09 | INFO    | num_full_subsets = 3
2026-04-20 17:03:09 | INFO    | np.sum(w_aug) = np.float64(6.0)
2026-04-20 17:03:09 | INFO    | np.sum(self.kernelWeights) = np.float64(1.0)
2026-04-20 17:03:09 | INFO    | phi = array([-0.00230628,  0.00325317, -0.00097422,  0.00195393,  0.00504718,
        0.00178809])
2026-04-20 17:03:09 | INFO    | num_full_subsets = 3
2026-04-20 17:03:09 | INFO    | np.sum(w_aug) = np.float64(6.0)
2026-04-20 17:03:09 | INFO    | np.sum(self.kernelWeights) = np.float64(1.0)
2026-04-20 17:03:09 | INFO    | phi = array([-0.00280119,  0.00165362, -0.00150309,  0.00360506,  0.00401545,
        0.00087576])
2026-04-20 17:03:09 | INFO    | num_full_subsets = 3
2026-04-20 17:03:09 | INFO    | np.sum(w_aug) = np.float64(6.0)
2026-04-20 17:03:09 | INFO    | np.sum(self.kernelWeights) = np.float64(1.0)
2026-04-20 17:03:09 | INFO    | phi = array([-0.00288725,  0.00260151,  0.00910966, -0.00625681,  0.00495188,
        0.00215817])
2026-04-20 17:03:09 | INFO    | ================================================================================
2026-04-20 17:03:09 | INFO    | ✅ PROJECT SUDARSHAN FULL PIPELINE COMPLETE! Open data/sudarshan_risk_map.html
2026-04-20 17:03:09 | INFO    | ================================================================================
2026-04-22 10:20:22 | INFO    | ================================================================================
2026-04-22 10:20:22 | INFO    | 🚀 PROJECT SUDARSHAN FULL PIPELINE INIT - 2026-04-22T10:20:22.047182
2026-04-22 10:20:22 | INFO    | ================================================================================
2026-04-22 10:20:22 | INFO    | 
[1/3] Refreshing Live Satellite & Space Weather Data...
2026-04-22 10:20:22 | INFO    | Data directory ready → D:\SUDARSHAN_SYSTEM\data
2026-04-22 10:20:22 | INFO    | ============================================================
2026-04-22 10:20:22 | INFO    | COLLECTION CYCLE START — 2026-04-22T04:50:22.049251+00:00
2026-04-22 10:20:22 | INFO    | ============================================================
2026-04-22 10:20:22 | INFO    | Fetching CelesTrak GP catalog …
2026-04-22 10:20:28 | INFO    |   ✓ Saved D:\SUDARSHAN_SYSTEM\data\satellites_live_20260422T045022Z.json (168.9 KB)
2026-04-22 10:20:28 | INFO    |   → 314 satellites ingested.
2026-04-22 10:20:28 | INFO    | Fetching NOAA space-weather data …
2026-04-22 10:20:32 | INFO    |   ✓ Saved D:\SUDARSHAN_SYSTEM\data\noaa_planetary_k_index_1m_20260422T045022Z.json (39.8 KB)
2026-04-22 10:20:32 | INFO    |   ✓ Saved D:\SUDARSHAN_SYSTEM\data\noaa_solar_wind_plasma_1day_20260422T045022Z.json (113.9 KB)
2026-04-22 10:20:33 | INFO    |   ✓ Saved D:\SUDARSHAN_SYSTEM\data\noaa_solar_wind_mag_1day_20260422T045022Z.json (172.4 KB)
2026-04-22 10:20:33 | INFO    |   ✓ Saved D:\SUDARSHAN_SYSTEM\data\noaa_enlil_time_series_20260422T045022Z.json (1189.4 KB)
2026-04-22 10:20:33 | INFO    | ------------------------------------------------------------
2026-04-22 10:20:33 | INFO    | CYCLE DONE — 5/5 sources OK (11.5s elapsed)
2026-04-22 10:20:33 | INFO    | ------------------------------------------------------------
2026-04-22 10:20:33 | INFO    | 
[2/3] Executing Data Preprocessor (Merging & Physics Features)...
2026-04-22 10:20:33 | INFO    | ============================================================
2026-04-22 10:20:33 | INFO    | MERGE LIVE DATA — building enriched DataFrame
2026-04-22 10:20:33 | INFO    | ============================================================
2026-04-22 10:20:33 | INFO    |   Loaded 314 satellites from satellites_live_20260422T045022Z.json
2026-04-22 10:20:33 | INFO    |   Satellite columns: ['OBJECT_NAME', 'OBJECT_ID', 'EPOCH', 'MEAN_MOTION', 'ECCENTRICITY', 'INCLINATION', 'RA_OF_ASC_NODE', 'ARG_OF_PERICENTER', 'MEAN_ANOMALY', 'EPHEMERIS_TYPE', 'CLASSIFICATION_TYPE', 'NORAD_CAT_ID', 'ELEMENT_SET_NO', 'REV_AT_EPOCH', 'BSTAR', 'MEAN_MOTION_DOT', 'MEAN_MOTION_DDOT']
2026-04-22 10:20:33 | INFO    |   Engineering physics features ...
2026-04-22 10:20:33 | INFO    |   Kp index = 0.0  (time_tag: 2026-04-22T04:47:00)
2026-04-22 10:20:33 | INFO    |   Solar wind speed = 498.9 km/s
2026-04-22 10:20:33 | INFO    | ------------------------------------------------------------
2026-04-22 10:20:33 | INFO    |   Final DataFrame shape   : (314, 26)
2026-04-22 10:20:33 | INFO    |   Columns                 : ['object_name', 'object_id', 'epoch', 'mean_motion', 'eccentricity', 'inclination', 'raan', 'arg_pericenter', 'mean_anomaly', 'ephemeris_type', 'classification_type', 'norad_cat_id', 'element_set_no', 'rev_at_epoch', 'bstar', 'mean_motion_dot', 'mean_motion_ddot', 'epoch_dt', 'semi_major_axis_km', 'orbital_period_min', 'perigee_altitude_km', 'apogee_altitude_km', 'approx_velocity_kms', 'current_kp_index', 'solar_wind_speed_kms', 'timestamp']
2026-04-22 10:20:33 | INFO    |   Semi-major axis range   : 6652.4 - 41730.6 km
2026-04-22 10:20:33 | INFO    |   Perigee altitude range  : 272.0 - 1022.3 km
2026-04-22 10:20:33 | INFO    |   Approx velocity range   : 3.09 - 7.74 km/s
2026-04-22 10:20:33 | INFO    | ------------------------------------------------------------
2026-04-22 10:20:33 | INFO    | Parquet saved -> D:\SUDARSHAN_SYSTEM\data\processed_live_data.parquet
2026-04-22 10:20:33 | INFO    | Building Plotly dashboard ...
